2026-03-26 14:10:30.446: [INFO] VisibilityChanged: 0
2026-03-26 14:10:30.585: [INFO] RecordSyncInitDuration has_sync_been_enabled: 0 state: 0
2026-03-26 14:10:30.587: [INFO] RecordSyncInitDuration has_sync_been_enabled: 0 state: 0
2026-03-26 14:10:30.588: [INFO] RecordSyncInitDuration has_sync_been_enabled: 0 state: 0
2026-03-26 14:10:30.589: [INFO] RecordSyncInitDuration has_sync_been_enabled: 0 state: 0
2026-03-26 14:10:30.590: [INFO] RecordSyncInitDuration has_sync_been_enabled: 0 state: 0
2026-03-26 14:10:30.591: [INFO] RecordSyncInitDuration has_sync_been_enabled: 0 state: 0
2026-03-26 14:10:30.591: [INFO] RecordSyncInitDuration has_sync_been_enabled: 0 state: 0
2026-03-26 14:10:30.592: [INFO] RecordSyncInitDuration has_sync_been_enabled: 0 state: 0
2026-03-26 14:10:30.594: [INFO] RecordSyncInitDuration has_sync_been_enabled: 0 state: 0
2026-03-26 14:10:30.595: [INFO] RecordSyncInitDuration has_sync_been_enabled: 0 state: 0
2026-03-26 14:10:30.596: [INFO] RecordSyncInitDuration has_sync_been_enabled: 0 state: 0
2026-03-26 14:10:30.597: [INFO] RecordSyncInitDuration has_sync_been_enabled: 0 state: 0
2026-03-26 14:10:30.621: [INFO] BookmarkNodeAdded, ABU: 0
2026-03-26 14:10:30.621: [INFO] BookmarkModelLoaded, ids_reassigned: 0
2026-03-26 14:10:30.621: [INFO] OnDoneLoading sync enabled: 0
2026-03-26 14:10:30.785: [INFO] RecordSyncInitDuration has_sync_been_enabled: 0 state: 0
2026-03-26 14:10:34.055: [INFO] RecordSyncInitDuration has_sync_been_enabled: 0 state: 3
2026-03-26 14:10:34.081: [INFO] Primary account changed.
2026-03-26 14:10:34.081: [INFO] OnPrimaryAccountChanged PrimaryAccountChangeEvent::Type::kSet
2026-03-26 14:10:34.088: [INFO] RecordSyncInitDuration has_sync_been_enabled: 0 state: 3
2026-03-26 14:10:34.135: [INFO] RecordSyncInitDuration has_sync_been_enabled: 0 state: 3
2026-03-26 14:10:36.233: [INFO] BookmarkNodeAdded, ABU: 0
2026-03-26 14:10:36.237: [INFO] BookmarkNodeAdded, ABU: 0
2026-03-26 14:10:36.241: [INFO] BookmarkNodeAdded, ABU: 0
2026-03-26 14:10:36.243: [INFO] BookmarkNodeAdded, ABU: 0
2026-03-26 14:10:37.332: [INFO] BookmarkNodeMoved
2026-03-26 14:10:37.332: [INFO] BookmarkNodeAdded, ABU: 0
2026-03-26 14:10:37.332: [INFO] BookmarkNodeMoved
2026-03-26 14:10:37.332: [INFO] BookmarkNodeMoved
2026-03-26 14:10:37.332: [INFO] BookmarkNodeMoved
2026-03-26 14:10:37.333: [INFO] ReorderChildren, Url: 0, IsFolder: 1, IsWorkspace: 0
2026-03-26 14:10:37.333: [INFO] Remove, DeletionOrigin: 19
2026-03-26 14:10:37.335: [INFO] BookmarkNodeRemoved, Url: 0, IsFolder: 1, IsWorkspace: 0
2026-03-26 14:10:37.338: [INFO] BookmarkNodeAdded, ABU: 0
2026-03-26 14:10:37.338: [INFO] Remove, DeletionOrigin: 19
2026-03-26 14:10:37.338: [INFO] BookmarkNodeRemoved, Url: 1, IsFolder: 0, IsWorkspace: 0
2026-03-26 14:10:37.340: [INFO] BookmarkNodeAdded, ABU: 0
2026-03-26 14:10:37.340: [INFO] Remove, DeletionOrigin: 19
2026-03-26 14:10:37.340: [INFO] BookmarkNodeRemoved, Url: 1, IsFolder: 0, IsWorkspace: 0
2026-03-26 14:10:37.342: [INFO] BookmarkNodeAdded, ABU: 0
2026-03-26 14:10:37.342: [INFO] Remove, DeletionOrigin: 19
2026-03-26 14:10:37.343: [INFO] BookmarkNodeRemoved, Url: 1, IsFolder: 0, IsWorkspace: 0
2026-03-26 14:10:37.345: [INFO] BookmarkNodeAdded, ABU: 0
2026-03-26 14:10:37.347: [INFO] BookmarkNodeAdded, ABU: 0
2026-03-26 14:10:37.349: [INFO] BookmarkNodeAdded, ABU: 0
2026-03-26 14:10:37.350: [INFO] BookmarkNodeAdded, ABU: 0
2026-03-26 14:10:37.353: [INFO] BookmarkNodeAdded, ABU: 0
2026-03-26 14:10:37.356: [INFO] BookmarkNodeAdded, ABU: 0
2026-03-26 14:10:37.357: [INFO] BookmarkNodeAdded, ABU: 0
2026-03-26 14:10:38.791: [INFO] Sync initialization duration: 4179ms
2026-03-26 14:16:19.980: [INFO] VisibilityChanged: 0
2026-03-26 14:16:20.175: [INFO] BookmarkNodeAdded, ABU: 0
2026-03-26 14:16:20.175: [INFO] BookmarkModelLoaded, ids_reassigned: 0
2026-03-26 14:16:20.175: [INFO] OnDoneLoading sync enabled: 1
2026-03-26 14:16:31.395: [INFO] Sync initialization duration: 1449ms
2026-03-26 14:36:04.660: [INFO] VisibilityChanged: 0
2026-03-26 14:36:04.821: [INFO] BookmarkNodeAdded, ABU: 0
2026-03-26 14:36:04.821: [INFO] BookmarkModelLoaded, ids_reassigned: 0
2026-03-26 14:36:04.821: [INFO] OnDoneLoading sync enabled: 0
2026-03-26 14:36:09.000: [INFO] Primary account changed.
2026-03-26 14:36:09.000: [INFO] OnPrimaryAccountChanged PrimaryAccountChangeEvent::Type::kSet
2026-03-26 14:36:14.037: [INFO] BookmarkNodeMoved
2026-03-26 14:36:14.037: [INFO] BookmarkNodeMoved
2026-03-26 14:36:14.037: [INFO] BookmarkNodeMoved
2026-03-26 14:36:14.037: [INFO] BookmarkNodeMoved
2026-03-26 14:36:14.037: [INFO] BookmarkNodeMoved
2026-03-26 14:36:14.038: [INFO] BookmarkNodeMoved
2026-03-26 14:36:15.223: [INFO] Sync initialization duration: 10380ms
