{"logTime": "0326/141035", "correlationVector":"WBTToPu71Pb5I9yGqnWRH2.1","action":"SyncServerConnectionManagerRequest", "result":"SYNC_SERVER_OK", "context":{"environment":"Prod_southeastasia_prod-s01-064-apac-southeastasia", "migrationStage":"NotStarted", "server":"akswtt11200000a"}}
{"logTime": "0326/141035", "correlationVector":"WBTToPu71Pb5I9yGqnWRH2.2","action":"ProcessGetUpdates", "result":"Done", "context":{"dataType":"Encryption Keys", "deleted":"0", "process_failed_to_decrypt":"0", "process_pending_decryption":"0", "process_success":"1", "total":"1"}}
{"logTime": "0326/141036", "correlationVector":"hixECce960sKhOpVjJpxUM","action":"SyncServerConnectionManagerRequest", "result":"SYNC_SERVER_OK", "context":{"environment":"", "migrationStage":"", "server":""}}
{"logTime": "0326/141036", "correlationVector":"hixECce960sKhOpVjJpxUM.0","action":"EncryptionKeysFetcher.DownloadKeys:", "result":"Success", "context":Key count: 5, Last key timestamp: 2025-10-06T17:52:10Z}
{"logTime": "0326/141036", "correlationVector":"hixECce960sKhOpVjJpxUM.1","action":"EncryptionKeysManager::SetEncryptionKeys:", "result":"Success", "context":Key names[5]:[5A8FBOQYxEvx0EzdLdcuVqq59/DYMTfYfrTirSji9PDqM31eYad1EJuVy1yc7l8iYeZ2mnWJpAwuIfxi4Kv9KQ==][Ey79/g2uQfElK26gEVlKJon/85kM8rw3NVJiu185U5fhuh/Zpn7RmkAe/uMCND0QWT3KkcXBbr8jUtUfwxYIAg==][B4WUgaOs6kBHTckTB3kEP12bpyk7Ms9MkzX2BFgKcXWVlxhZyMvd480IC//vfLCiHnGDnAQojKi0CNoVDo5tzw==][8evgiQzKmSji695A1bf4QU/ytcksAr9cScpVoUTMutgGaZvkR8NqbQ+phyJ4cSQt/qCCNixIoyPiV5R7PPmpog==][Lgl5T1Esa5hO+dNuToyGbX+dcIWQKyxCkhfx6mz0wumdYsHZzVQ7k7mYDTDh3BKavyqQUv/5vNKxFlcYs9rtSw==]}
{"logTime": "0326/141036", "correlationVector":"hixECce960sKhOpVjJpxUM.2","action":"EncryptionKeysManager::SetEncryptionKeysWithTimestamps:", "result":"Success", "context":Key timestamps[5]:[2023-10-10T03:19:32Z][2024-04-07T14:41:15Z][2024-10-09T19:05:47Z][2025-04-09T13:00:18Z][2025-10-06T17:52:10Z]}
{"logTime": "0326/141036", "correlationVector":"WBTToPu71Pb5I9yGqnWRH2","action":"Initial GetUpdates", "result":"", "context":Reason: NEW_CLIENT. cV=WBTToPu71Pb5I9yGqnWRH2}
{"logTime": "0326/141036", "correlationVector":"WBTToPu71Pb5I9yGqnWRH2.3","action":"GetUpdates Response", "result":"Success", "context":Received 1 update(s). cV=WBTToPu71Pb5I9yGqnWRH2.0;server=akswtt11200000a;cloudType=Consumer;environment=Prod_southeastasia_prod-s01-064-apac-southeastasia;migrationStage=NotStarted}
{"logTime": "0326/141036", "correlationVector":"4wvJZl+CyeWlW4+eB1+rJ+","action":"Initial GetUpdates", "result":"", "context":Reason: NEWLY_SUPPORTED_DATATYPE. cV=4wvJZl+CyeWlW4+eB1+rJ+}
{"logTime": "0326/141036", "correlationVector":"4wvJZl+CyeWlW4+eB1+rJ+.1","action":"SyncServerConnectionManagerRequest", "result":"SYNC_SERVER_OK", "context":{"environment":"Prod_southeastasia_prod-s01-064-apac-southeastasia", "migrationStage":"NotStarted", "server":"akswtt11200000l"}}
{"logTime": "0326/141036", "correlationVector":"4wvJZl+CyeWlW4+eB1+rJ+.2","action":"ProcessGetUpdates", "result":"Done", "context":{"dataType":"Preferences", "deleted":"0", "process_failed_to_decrypt":"0", "process_pending_decryption":"0", "process_success":"91", "total":"91"}}
{"logTime": "0326/141036", "correlationVector":"4wvJZl+CyeWlW4+eB1+rJ+.3","action":"ProcessGetUpdates", "result":"Done", "context":{"dataType":"Passwords", "deleted":"1", "process_failed_to_decrypt":"0", "process_pending_decryption":"0", "process_success":"27", "total":"27"}}
{"logTime": "0326/141036", "correlationVector":"4wvJZl+CyeWlW4+eB1+rJ+.4","action":"ProcessGetUpdates", "result":"Done", "context":{"dataType":"Device Info", "deleted":"0", "process_failed_to_decrypt":"0", "process_pending_decryption":"0", "process_success":"23", "total":"23"}}
{"logTime": "0326/141036", "correlationVector":"4wvJZl+CyeWlW4+eB1+rJ+.5","action":"GetUpdates Response", "result":"Success", "context":Received 141 update(s). cV=4wvJZl+CyeWlW4+eB1+rJ+.0;server=akswtt11200000l;cloudType=Consumer;environment=Prod_southeastasia_prod-s01-064-apac-southeastasia;migrationStage=NotStarted}
{"logTime": "0326/141036", "correlationVector":"zZH1qyglrUSyZZkVs+0MhW","action":"Initial GetUpdates", "result":"", "context":Reason: NEWLY_SUPPORTED_DATATYPE. cV=zZH1qyglrUSyZZkVs+0MhW}
{"logTime": "0326/141037", "correlationVector":"zZH1qyglrUSyZZkVs+0MhW.1","action":"SyncServerConnectionManagerRequest", "result":"SYNC_SERVER_OK", "context":{"environment":"Prod_southeastasia_prod-s01-064-apac-southeastasia", "migrationStage":"NotStarted", "server":"akswtt112000000"}}
{"logTime": "0326/141037", "correlationVector":"zZH1qyglrUSyZZkVs+0MhW.2","action":"ProcessGetUpdates", "result":"Done", "context":{"dataType":"Bookmarks", "deleted":"1", "process_failed_to_decrypt":"0", "process_pending_decryption":"0", "process_success":"18", "total":"18"}}
{"logTime": "0326/141037", "correlationVector":"zZH1qyglrUSyZZkVs+0MhW.3","action":"GetUpdates Response", "result":"Success", "context":Received 18 update(s). cV=zZH1qyglrUSyZZkVs+0MhW.0;server=akswtt112000000;cloudType=Consumer;environment=Prod_southeastasia_prod-s01-064-apac-southeastasia;migrationStage=NotStarted}
{"logTime": "0326/141037", "correlationVector":"8bGEaEB9pOdKv/cS3y1opn","action":"Initial GetUpdates", "result":"", "context":Reason: NEWLY_SUPPORTED_DATATYPE. cV=8bGEaEB9pOdKv/cS3y1opn}
{"logTime": "0326/141037", "correlationVector":"8bGEaEB9pOdKv/cS3y1opn.1","action":"SyncServerConnectionManagerRequest", "result":"SYNC_SERVER_OK", "context":{"environment":"Prod_southeastasia_prod-s01-064-apac-southeastasia", "migrationStage":"NotStarted", "server":"akswtt11200000a"}}
{"logTime": "0326/141038", "correlationVector":"8bGEaEB9pOdKv/cS3y1opn.2","action":"ProcessGetUpdates", "result":"Done", "context":{"dataType":"Autofill Profiles", "deleted":"1", "process_failed_to_decrypt":"0", "process_pending_decryption":"0", "process_success":"10", "total":"10"}}
{"logTime": "0326/141038", "correlationVector":"8bGEaEB9pOdKv/cS3y1opn.3","action":"ProcessGetUpdates", "result":"Done", "context":{"dataType":"Autofill", "deleted":"0", "process_failed_to_decrypt":"0", "process_pending_decryption":"0", "process_success":"82", "total":"82"}}
{"logTime": "0326/141038", "correlationVector":"8bGEaEB9pOdKv/cS3y1opn.4","action":"ProcessGetUpdates", "result":"Done", "context":{"dataType":"Sessions", "deleted":"147", "process_failed_to_decrypt":"0", "process_pending_decryption":"0", "process_success":"147", "total":"147"}}
{"logTime": "0326/141038", "correlationVector":"8bGEaEB9pOdKv/cS3y1opn.5","action":"ProcessGetUpdates", "result":"Done", "context":{"dataType":"Edge Hub App Usage", "deleted":"8", "process_failed_to_decrypt":"0", "process_pending_decryption":"0", "process_success":"11", "total":"11"}}
{"logTime": "0326/141038", "correlationVector":"8bGEaEB9pOdKv/cS3y1opn.6","action":"GetUpdates Response", "result":"Success", "context":Received 250 update(s). cV=8bGEaEB9pOdKv/cS3y1opn.0;server=akswtt11200000a;cloudType=Consumer;environment=Prod_southeastasia_prod-s01-064-apac-southeastasia;migrationStage=NotStarted Some updates remain.}
{"logTime": "0326/141038", "correlationVector":"cUmfFeTKnJiExRTNTHKzZd","action":"Initial GetUpdates", "result":"", "context":Reason: NEWLY_SUPPORTED_DATATYPE. cV=cUmfFeTKnJiExRTNTHKzZd}
{"logTime": "0326/141038", "correlationVector":"cUmfFeTKnJiExRTNTHKzZd.1","action":"SyncServerConnectionManagerRequest", "result":"SYNC_SERVER_OK", "context":{"environment":"Prod_southeastasia_prod-s01-064-apac-southeastasia", "migrationStage":"NotStarted", "server":"akswtt112000007"}}
{"logTime": "0326/141038", "correlationVector":"cUmfFeTKnJiExRTNTHKzZd.2","action":"ProcessGetUpdates", "result":"Done", "context":{"dataType":"Autofill Profiles", "deleted":"0", "process_failed_to_decrypt":"0", "process_pending_decryption":"0", "process_success":"1", "total":"1"}}
{"logTime": "0326/141038", "correlationVector":"cUmfFeTKnJiExRTNTHKzZd.3","action":"ProcessGetUpdates", "result":"Done", "context":{"dataType":"Autofill", "deleted":"0", "process_failed_to_decrypt":"0", "process_pending_decryption":"0", "process_success":"44", "total":"44"}}
{"logTime": "0326/141038", "correlationVector":"cUmfFeTKnJiExRTNTHKzZd.4","action":"ProcessGetUpdates", "result":"Done", "context":{"dataType":"Sessions", "deleted":"194", "process_failed_to_decrypt":"0", "process_pending_decryption":"0", "process_success":"194", "total":"194"}}
{"logTime": "0326/141038", "correlationVector":"cUmfFeTKnJiExRTNTHKzZd.5","action":"ProcessGetUpdates", "result":"Done", "context":{"dataType":"Edge Hub App Usage", "deleted":"9", "process_failed_to_decrypt":"0", "process_pending_decryption":"0", "process_success":"11", "total":"11"}}
{"logTime": "0326/141038", "correlationVector":"cUmfFeTKnJiExRTNTHKzZd.6","action":"GetUpdates Response", "result":"Success", "context":Received 250 update(s). cV=cUmfFeTKnJiExRTNTHKzZd.0;server=akswtt112000007;cloudType=Consumer;environment=Prod_southeastasia_prod-s01-064-apac-southeastasia;migrationStage=NotStarted Some updates remain.}
{"logTime": "0326/141038", "correlationVector":"0apulsFgm+ZNHrarNZiC3Y","action":"Initial GetUpdates", "result":"", "context":Reason: NEWLY_SUPPORTED_DATATYPE. cV=0apulsFgm+ZNHrarNZiC3Y}
{"logTime": "0326/141038", "correlationVector":"0apulsFgm+ZNHrarNZiC3Y.1","action":"SyncServerConnectionManagerRequest", "result":"SYNC_SERVER_OK", "context":{"environment":"Prod_southeastasia_prod-s01-064-apac-southeastasia", "migrationStage":"NotStarted", "server":"akswtt11200000k"}}
{"logTime": "0326/141038", "correlationVector":"0apulsFgm+ZNHrarNZiC3Y.2","action":"ProcessGetUpdates", "result":"Done", "context":{"dataType":"Autofill Profiles", "deleted":"0", "process_failed_to_decrypt":"0", "process_pending_decryption":"0", "process_success":"2", "total":"2"}}
{"logTime": "0326/141038", "correlationVector":"0apulsFgm+ZNHrarNZiC3Y.3","action":"ProcessGetUpdates", "result":"Done", "context":{"dataType":"Autofill", "deleted":"0", "process_failed_to_decrypt":"0", "process_pending_decryption":"0", "process_success":"46", "total":"46"}}
{"logTime": "0326/141038", "correlationVector":"0apulsFgm+ZNHrarNZiC3Y.4","action":"ProcessGetUpdates", "result":"Done", "context":{"dataType":"Sessions", "deleted":"137", "process_failed_to_decrypt":"0", "process_pending_decryption":"0", "process_success":"165", "total":"165"}}
{"logTime": "0326/141038", "correlationVector":"0apulsFgm+ZNHrarNZiC3Y.5","action":"ProcessGetUpdates", "result":"Done", "context":{"dataType":"Edge Hub App Usage", "deleted":"0", "process_failed_to_decrypt":"0", "process_pending_decryption":"0", "process_success":"9", "total":"9"}}
{"logTime": "0326/141038", "correlationVector":"0apulsFgm+ZNHrarNZiC3Y.6","action":"GetUpdates Response", "result":"Success", "context":Received 222 update(s). cV=0apulsFgm+ZNHrarNZiC3Y.0;server=akswtt11200000k;cloudType=Consumer;environment=Prod_southeastasia_prod-s01-064-apac-southeastasia;migrationStage=NotStarted}
{"logTime": "0326/141038", "correlationVector":"1MRqqeg5qHiaDB3G+64+k/","action":"Initial GetUpdates", "result":"", "context":Reason: NEWLY_SUPPORTED_DATATYPE. cV=1MRqqeg5qHiaDB3G+64+k/}
{"logTime": "0326/141039", "correlationVector":"1MRqqeg5qHiaDB3G+64+k/.1","action":"SyncServerConnectionManagerRequest", "result":"SYNC_SERVER_OK", "context":{"environment":"Prod_southeastasia_prod-s01-064-apac-southeastasia", "migrationStage":"NotStarted", "server":"akswtt11200000j"}}
{"logTime": "0326/141039", "correlationVector":"1MRqqeg5qHiaDB3G+64+k/.2","action":"ProcessGetUpdates", "result":"Done", "context":{"dataType":"History", "deleted":"0", "process_failed_to_decrypt":"0", "process_pending_decryption":"0", "process_success":"250", "total":"250"}}
{"logTime": "0326/141039", "correlationVector":"1MRqqeg5qHiaDB3G+64+k/.3","action":"GetUpdates Response", "result":"Success", "context":Received 250 update(s). cV=1MRqqeg5qHiaDB3G+64+k/.0;server=akswtt11200000j;cloudType=Consumer;environment=Prod_southeastasia_prod-s01-064-apac-southeastasia;migrationStage=NotStarted Some updates remain.}
{"logTime": "0326/141039", "correlationVector":"f/AClXnKwRiwy2/ikxvPR7","action":"Initial GetUpdates", "result":"", "context":Reason: NEWLY_SUPPORTED_DATATYPE. cV=f/AClXnKwRiwy2/ikxvPR7}
{"logTime": "0326/141040", "correlationVector":"f/AClXnKwRiwy2/ikxvPR7.1","action":"SyncServerConnectionManagerRequest", "result":"SYNC_SERVER_OK", "context":{"environment":"Prod_southeastasia_prod-s01-064-apac-southeastasia", "migrationStage":"NotStarted", "server":"akswtt11200000a"}}
{"logTime": "0326/141040", "correlationVector":"f/AClXnKwRiwy2/ikxvPR7.2","action":"ProcessGetUpdates", "result":"Done", "context":{"dataType":"History", "deleted":"0", "process_failed_to_decrypt":"0", "process_pending_decryption":"0", "process_success":"250", "total":"250"}}
{"logTime": "0326/141040", "correlationVector":"f/AClXnKwRiwy2/ikxvPR7.3","action":"GetUpdates Response", "result":"Success", "context":Received 250 update(s). cV=f/AClXnKwRiwy2/ikxvPR7.0;server=akswtt11200000a;cloudType=Consumer;environment=Prod_southeastasia_prod-s01-064-apac-southeastasia;migrationStage=NotStarted Some updates remain.}
{"logTime": "0326/141040", "correlationVector":"XkJdRMyAKTUujbSpd9Gcsk","action":"Initial GetUpdates", "result":"", "context":Reason: NEWLY_SUPPORTED_DATATYPE. cV=XkJdRMyAKTUujbSpd9Gcsk}
{"logTime": "0326/141040", "correlationVector":"XkJdRMyAKTUujbSpd9Gcsk.1","action":"SyncServerConnectionManagerRequest", "result":"SYNC_SERVER_OK", "context":{"environment":"Prod_southeastasia_prod-s01-064-apac-southeastasia", "migrationStage":"NotStarted", "server":"akswtt11200000d"}}
{"logTime": "0326/141040", "correlationVector":"XkJdRMyAKTUujbSpd9Gcsk.2","action":"ProcessGetUpdates", "result":"Done", "context":{"dataType":"History", "deleted":"0", "process_failed_to_decrypt":"0", "process_pending_decryption":"0", "process_success":"250", "total":"250"}}
{"logTime": "0326/141040", "correlationVector":"XkJdRMyAKTUujbSpd9Gcsk.3","action":"GetUpdates Response", "result":"Success", "context":Received 250 update(s). cV=XkJdRMyAKTUujbSpd9Gcsk.0;server=akswtt11200000d;cloudType=Consumer;environment=Prod_southeastasia_prod-s01-064-apac-southeastasia;migrationStage=NotStarted Some updates remain.}
{"logTime": "0326/141040", "correlationVector":"2ekwu2iTTbIEf3GzhsM/X9","action":"Initial GetUpdates", "result":"", "context":Reason: NEWLY_SUPPORTED_DATATYPE. cV=2ekwu2iTTbIEf3GzhsM/X9}
{"logTime": "0326/141041", "correlationVector":"2ekwu2iTTbIEf3GzhsM/X9.1","action":"SyncServerConnectionManagerRequest", "result":"SYNC_SERVER_OK", "context":{"environment":"Prod_southeastasia_prod-s01-064-apac-southeastasia", "migrationStage":"NotStarted", "server":"akswtt11200000n"}}
{"logTime": "0326/141041", "correlationVector":"2ekwu2iTTbIEf3GzhsM/X9.2","action":"ProcessGetUpdates", "result":"Done", "context":{"dataType":"History", "deleted":"0", "process_failed_to_decrypt":"0", "process_pending_decryption":"0", "process_success":"250", "total":"250"}}
{"logTime": "0326/141041", "correlationVector":"2ekwu2iTTbIEf3GzhsM/X9.3","action":"GetUpdates Response", "result":"Success", "context":Received 250 update(s). cV=2ekwu2iTTbIEf3GzhsM/X9.0;server=akswtt11200000n;cloudType=Consumer;environment=Prod_southeastasia_prod-s01-064-apac-southeastasia;migrationStage=NotStarted Some updates remain.}
{"logTime": "0326/141041", "correlationVector":"l7Tb3nLI013r+57iXSTHSB","action":"Initial GetUpdates", "result":"", "context":Reason: NEWLY_SUPPORTED_DATATYPE. cV=l7Tb3nLI013r+57iXSTHSB}
{"logTime": "0326/141042", "correlationVector":"l7Tb3nLI013r+57iXSTHSB.1","action":"SyncServerConnectionManagerRequest", "result":"SYNC_SERVER_OK", "context":{"environment":"Prod_southeastasia_prod-s01-064-apac-southeastasia", "migrationStage":"NotStarted", "server":"akswtt11200000j"}}
{"logTime": "0326/141042", "correlationVector":"l7Tb3nLI013r+57iXSTHSB.2","action":"ProcessGetUpdates", "result":"Done", "context":{"dataType":"History", "deleted":"0", "process_failed_to_decrypt":"0", "process_pending_decryption":"0", "process_success":"250", "total":"250"}}
{"logTime": "0326/141042", "correlationVector":"l7Tb3nLI013r+57iXSTHSB.3","action":"GetUpdates Response", "result":"Success", "context":Received 250 update(s). cV=l7Tb3nLI013r+57iXSTHSB.0;server=akswtt11200000j;cloudType=Consumer;environment=Prod_southeastasia_prod-s01-064-apac-southeastasia;migrationStage=NotStarted Some updates remain.}
{"logTime": "0326/141042", "correlationVector":"pQCnIk5i4HkCWiBpDmptE7","action":"Initial GetUpdates", "result":"", "context":Reason: NEWLY_SUPPORTED_DATATYPE. cV=pQCnIk5i4HkCWiBpDmptE7}
{"logTime": "0326/141042", "correlationVector":"pQCnIk5i4HkCWiBpDmptE7.1","action":"SyncServerConnectionManagerRequest", "result":"SYNC_SERVER_OK", "context":{"environment":"Prod_southeastasia_prod-s01-064-apac-southeastasia", "migrationStage":"NotStarted", "server":"akswtt11200000k"}}
{"logTime": "0326/141042", "correlationVector":"pQCnIk5i4HkCWiBpDmptE7.2","action":"ProcessGetUpdates", "result":"Done", "context":{"dataType":"History", "deleted":"0", "process_failed_to_decrypt":"0", "process_pending_decryption":"0", "process_success":"250", "total":"250"}}
{"logTime": "0326/141042", "correlationVector":"pQCnIk5i4HkCWiBpDmptE7.3","action":"GetUpdates Response", "result":"Success", "context":Received 250 update(s). cV=pQCnIk5i4HkCWiBpDmptE7.0;server=akswtt11200000k;cloudType=Consumer;environment=Prod_southeastasia_prod-s01-064-apac-southeastasia;migrationStage=NotStarted Some updates remain.}
{"logTime": "0326/141042", "correlationVector":"roo+Gr4ndKxzi1XlgDNG31","action":"Initial GetUpdates", "result":"", "context":Reason: NEWLY_SUPPORTED_DATATYPE. cV=roo+Gr4ndKxzi1XlgDNG31}
{"logTime": "0326/141042", "correlationVector":"roo+Gr4ndKxzi1XlgDNG31.1","action":"SyncServerConnectionManagerRequest", "result":"SYNC_SERVER_OK", "context":{"environment":"Prod_southeastasia_prod-s01-064-apac-southeastasia", "migrationStage":"NotStarted", "server":"akswtt11200000a"}}
{"logTime": "0326/141042", "correlationVector":"roo+Gr4ndKxzi1XlgDNG31.2","action":"ProcessGetUpdates", "result":"Done", "context":{"dataType":"History", "deleted":"0", "process_failed_to_decrypt":"0", "process_pending_decryption":"0", "process_success":"166", "total":"166"}}
{"logTime": "0326/141042", "correlationVector":"roo+Gr4ndKxzi1XlgDNG31.3","action":"GetUpdates Response", "result":"Success", "context":Received 166 update(s). cV=roo+Gr4ndKxzi1XlgDNG31.0;server=akswtt11200000a;cloudType=Consumer;environment=Prod_southeastasia_prod-s01-064-apac-southeastasia;migrationStage=NotStarted}
{"logTime": "0326/141043", "correlationVector":"pG53m3KR5s7WNUin02ycIx","action":"Normal GetUpdate request", "result":"", "context":cV=pG53m3KR5s7WNUin02ycIx
Nudged types: Sessions, Device Info, User Consents, Edge Hub App Usage
Refresh requested types: Bookmarks, Preferences, Passwords, Autofill Profiles, Autofill, Extensions, Sessions, Extension settings, History Delete Directives, Device Info, User Consents, Send Tab To Self, Web Apps, History, Saved Tab Group, WebAuthn Credentials, Collection, Edge E Drop, Edge Hub App Usage, Edge Wallet, Edge Workspace, Encryption Keys}
{"logTime": "0326/141043", "correlationVector":"pG53m3KR5s7WNUin02ycIx.1","action":"SyncServerConnectionManagerRequest", "result":"SYNC_SERVER_OK", "context":{"environment":"Prod_southeastasia_prod-s01-064-apac-southeastasia", "migrationStage":"NotStarted", "server":"akswtt112000008"}}
{"logTime": "0326/141043", "correlationVector":"pG53m3KR5s7WNUin02ycIx.2","action":"GetUpdates Response", "result":"Success", "context":Received 0 update(s). cV=pG53m3KR5s7WNUin02ycIx.0;server=akswtt112000008;cloudType=Consumer;environment=Prod_southeastasia_prod-s01-064-apac-southeastasia;migrationStage=NotStarted}
{"logTime": "0326/141043", "correlationVector":"DpLo93qCBtbO2x5QitoARg","action":"DoCompareDataConsistency requsted types: ", "result":"Bookmarks, Preferences, Passwords, Extensions, Extension settings, History Delete Directives, Send Tab To Self, Web Apps, History, Saved Tab Group, WebAuthn Credentials, Collection, Edge E Drop, Edge Wallet, Edge Workspace, Encryption Keys"}
{"logTime": "0326/141043", "correlationVector":"DpLo93qCBtbO2x5QitoARg.0","action":"CompareDataConsistency result: ", "result":"Compare result: Encryption Keys is consistent. local entities count is: 1 local entities hash is: 0V9KHjlo4fr5FyFmUuoYn5V2ZVU="}
{"logTime": "0326/141043", "correlationVector":"DpLo93qCBtbO2x5QitoARg.1","action":"CompareDataConsistency result: ", "result":"Compare result: Bookmarks is consistent. local entities count is: 11 local entities hash is: NUWIE8qKwaMAQ1G/NrfQROq9G8c="}
{"logTime": "0326/141043", "correlationVector":"DpLo93qCBtbO2x5QitoARg.2","action":"CompareDataConsistency result: ", "result":"Compare result: Preferences is consistent. local entities count is: 91 local entities hash is: R49ckSGa1edgqEZE9hO0XwkePRU="}
{"logTime": "0326/141043", "correlationVector":"DpLo93qCBtbO2x5QitoARg.3","action":"CompareDataConsistency result: ", "result":"Compare result: Extensions is consistent. local entities count is: 0 local entities hash is: "}
{"logTime": "0326/141043", "correlationVector":"DpLo93qCBtbO2x5QitoARg.4","action":"CompareDataConsistency result: ", "result":"Compare result: Extension settings is consistent. local entities count is: 0 local entities hash is: "}
{"logTime": "0326/141043", "correlationVector":"DpLo93qCBtbO2x5QitoARg.5","action":"CompareDataConsistency result: ", "result":"Compare result: History Delete Directives is consistent. local entities count is: 0 local entities hash is: "}
{"logTime": "0326/141043", "correlationVector":"DpLo93qCBtbO2x5QitoARg.6","action":"CompareDataConsistency result: ", "result":"Server did not send this Send Tab To Self local entities count is: 0 local entities hash is: "}
{"logTime": "0326/141043", "correlationVector":"DpLo93qCBtbO2x5QitoARg.7","action":"CompareDataConsistency result: ", "result":"Compare result: Web Apps is consistent. local entities count is: 0 local entities hash is: "}
{"logTime": "0326/141043", "correlationVector":"DpLo93qCBtbO2x5QitoARg.8","action":"CompareDataConsistency result: ", "result":"Server did not send this History local entities count is: 0 local entities hash is: "}
{"logTime": "0326/141043", "correlationVector":"DpLo93qCBtbO2x5QitoARg.9","action":"CompareDataConsistency result: ", "result":"Compare result: Saved Tab Group is consistent. local entities count is: 0 local entities hash is: "}
{"logTime": "0326/141043", "correlationVector":"DpLo93qCBtbO2x5QitoARg.10","action":"CompareDataConsistency result: ", "result":"Server did not send this WebAuthn Credentials local entities count is: 0 local entities hash is: "}
{"logTime": "0326/141043", "correlationVector":"DpLo93qCBtbO2x5QitoARg.11","action":"CompareDataConsistency result: ", "result":"Compare result: Collection is consistent. local entities count is: 0 local entities hash is: "}
{"logTime": "0326/141043", "correlationVector":"DpLo93qCBtbO2x5QitoARg.12","action":"CompareDataConsistency result: ", "result":"Compare result: Edge E Drop is consistent. local entities count is: 0 local entities hash is: "}
{"logTime": "0326/141043", "correlationVector":"DpLo93qCBtbO2x5QitoARg.13","action":"CompareDataConsistency result: ", "result":"Compare result: Edge Wallet is consistent. local entities count is: 0 local entities hash is: "}
{"logTime": "0326/141043", "correlationVector":"DpLo93qCBtbO2x5QitoARg.14","action":"CompareDataConsistency result: ", "result":"Server did not send this Edge Workspace local entities count is: 0 local entities hash is: "}
{"logTime": "0326/141043", "correlationVector":"DpLo93qCBtbO2x5QitoARg.15","action":"CompareDataConsistency result: ", "result":"Compare result: Passwords is consistent. local entities count is: 26 local entities hash is: jL9h54iQMz8jlmaHpxyorkRcwq4="}
{"logTime": "0326/141043", "correlationVector":"smWc/TWIPnToA7oL3IxoJh","action":"Commit Request", "result":"", "context":Item count: 7
Contributing types: Sessions, Device Info, User Consents, Edge Hub App Usage}
{"logTime": "0326/141044", "correlationVector":"smWc/TWIPnToA7oL3IxoJh.1","action":"SyncServerConnectionManagerRequest", "result":"SYNC_SERVER_OK", "context":{"environment":"Prod_southeastasia_prod-s01-064-apac-southeastasia", "migrationStage":"NotStarted", "server":"akswtt11200000k"}}
{"logTime": "0326/141044", "correlationVector":"smWc/TWIPnToA7oL3IxoJh.2","action":"Commit Response", "result":"Success", "context":Result: Success. cV=smWc/TWIPnToA7oL3IxoJh.0;server=akswtt11200000k;cloudType=Consumer;environment=Prod_southeastasia_prod-s01-064-apac-southeastasia;migrationStage=NotStarted}
{"logTime": "0326/141044", "correlationVector":"","action":"DIAGNOSTIC_REQUEST|v1/diagnosticData/Diagnostic.SendCheckResult()|SUCCESS", "result":""}
{"logTime": "0326/141049", "correlationVector":"EUOqdeP0xZD1AM+DuJ8zZQ","action":"Commit Request", "result":"", "context":Item count: 24
Contributing types: Preferences, Passwords}
{"logTime": "0326/141050", "correlationVector":"EUOqdeP0xZD1AM+DuJ8zZQ.1","action":"SyncServerConnectionManagerRequest", "result":"SYNC_SERVER_OK", "context":{"environment":"Prod_southeastasia_prod-s01-064-apac-southeastasia", "migrationStage":"NotStarted", "server":"akswtt112000000"}}
{"logTime": "0326/141050", "correlationVector":"EUOqdeP0xZD1AM+DuJ8zZQ.2","action":"Commit Response", "result":"Success", "context":Result: Success. cV=EUOqdeP0xZD1AM+DuJ8zZQ.0;server=akswtt112000000;cloudType=Consumer;environment=Prod_southeastasia_prod-s01-064-apac-southeastasia;migrationStage=NotStarted}
{"logTime": "0326/141630", "correlationVector":"JXx45+zv3mme8VvhODTx46.1","action":"SyncServerConnectionManagerRequest", "result":"SYNC_SERVER_OK", "context":{"environment":"Prod_southeastasia_prod-s01-064-apac-southeastasia", "migrationStage":"NotStarted", "server":"akswtt112000009"}}
{"logTime": "0326/141630", "correlationVector":"JXx45+zv3mme8VvhODTx46.2","action":"ProcessGetUpdates", "result":"Done", "context":{"dataType":"Encryption Keys", "deleted":"0", "process_failed_to_decrypt":"0", "process_pending_decryption":"0", "process_success":"1", "total":"1"}}
{"logTime": "0326/141631", "correlationVector":"I+WPHQ4VVYzbg2dAW6xuWm","action":"SyncServerConnectionManagerRequest", "result":"SYNC_SERVER_OK", "context":{"environment":"", "migrationStage":"", "server":""}}
{"logTime": "0326/141631", "correlationVector":"I+WPHQ4VVYzbg2dAW6xuWm.0","action":"EncryptionKeysFetcher.DownloadKeys:", "result":"Success", "context":Key count: 5, Last key timestamp: 2025-10-06T17:52:10Z}
{"logTime": "0326/141631", "correlationVector":"I+WPHQ4VVYzbg2dAW6xuWm.1","action":"EncryptionKeysManager::SetEncryptionKeys:", "result":"Success", "context":Key names[5]:[5A8FBOQYxEvx0EzdLdcuVqq59/DYMTfYfrTirSji9PDqM31eYad1EJuVy1yc7l8iYeZ2mnWJpAwuIfxi4Kv9KQ==][Ey79/g2uQfElK26gEVlKJon/85kM8rw3NVJiu185U5fhuh/Zpn7RmkAe/uMCND0QWT3KkcXBbr8jUtUfwxYIAg==][B4WUgaOs6kBHTckTB3kEP12bpyk7Ms9MkzX2BFgKcXWVlxhZyMvd480IC//vfLCiHnGDnAQojKi0CNoVDo5tzw==][8evgiQzKmSji695A1bf4QU/ytcksAr9cScpVoUTMutgGaZvkR8NqbQ+phyJ4cSQt/qCCNixIoyPiV5R7PPmpog==][Lgl5T1Esa5hO+dNuToyGbX+dcIWQKyxCkhfx6mz0wumdYsHZzVQ7k7mYDTDh3BKavyqQUv/5vNKxFlcYs9rtSw==]}
{"logTime": "0326/141631", "correlationVector":"I+WPHQ4VVYzbg2dAW6xuWm.2","action":"EncryptionKeysManager::SetEncryptionKeysWithTimestamps:", "result":"Success", "context":Key timestamps[5]:[2023-10-10T03:19:32Z][2024-04-07T14:41:15Z][2024-10-09T19:05:47Z][2025-04-09T13:00:18Z][2025-10-06T17:52:10Z]}
{"logTime": "0326/141631", "correlationVector":"JXx45+zv3mme8VvhODTx46","action":"Initial GetUpdates", "result":"", "context":Reason: NEW_CLIENT. cV=JXx45+zv3mme8VvhODTx46}
{"logTime": "0326/141631", "correlationVector":"JXx45+zv3mme8VvhODTx46.3","action":"GetUpdates Response", "result":"Success", "context":Received 1 update(s). cV=JXx45+zv3mme8VvhODTx46.0;server=akswtt112000009;cloudType=Consumer;environment=Prod_southeastasia_prod-s01-064-apac-southeastasia;migrationStage=NotStarted}
{"logTime": "0326/141631", "correlationVector":"jT5iRAMNIbhjw2YX+YimSY","action":"Initial GetUpdates", "result":"", "context":Reason: NEWLY_SUPPORTED_DATATYPE. cV=jT5iRAMNIbhjw2YX+YimSY}
{"logTime": "0326/141631", "correlationVector":"jT5iRAMNIbhjw2YX+YimSY.1","action":"SyncServerConnectionManagerRequest", "result":"SYNC_SERVER_OK", "context":{"environment":"Prod_southeastasia_prod-s01-064-apac-southeastasia", "migrationStage":"NotStarted", "server":"akswtt112000000"}}
{"logTime": "0326/141631", "correlationVector":"jT5iRAMNIbhjw2YX+YimSY.2","action":"ProcessGetUpdates", "result":"Done", "context":{"dataType":"Passwords", "deleted":"1", "process_failed_to_decrypt":"0", "process_pending_decryption":"0", "process_success":"27", "total":"27"}}
{"logTime": "0326/141631", "correlationVector":"jT5iRAMNIbhjw2YX+YimSY.3","action":"GetUpdates Response", "result":"Success", "context":Received 27 update(s). cV=jT5iRAMNIbhjw2YX+YimSY.0;server=akswtt112000000;cloudType=Consumer;environment=Prod_southeastasia_prod-s01-064-apac-southeastasia;migrationStage=NotStarted}
{"logTime": "0326/141631", "correlationVector":"ZdPaVJZjiY25ZPhg75wuFb","action":"Normal GetUpdate request", "result":"", "context":cV=ZdPaVJZjiY25ZPhg75wuFb
Nudged types: Sessions, Device Info, History
Refresh requested types: Bookmarks, Preferences, Passwords, Autofill Profiles, Autofill, Extensions, Sessions, Extension settings, History Delete Directives, Device Info, User Consents, Send Tab To Self, Web Apps, History, Saved Tab Group, WebAuthn Credentials, Collection, Edge E Drop, Edge Hub App Usage, Edge Wallet, Edge Workspace, Encryption Keys}
{"logTime": "0326/141631", "correlationVector":"ZdPaVJZjiY25ZPhg75wuFb.1","action":"SyncServerConnectionManagerRequest", "result":"SYNC_SERVER_OK", "context":{"environment":"Prod_southeastasia_prod-s01-064-apac-southeastasia", "migrationStage":"NotStarted", "server":"akswtt11200000o"}}
{"logTime": "0326/141631", "correlationVector":"ZdPaVJZjiY25ZPhg75wuFb.2","action":"ProcessGetUpdates", "result":"Done", "context":{"dataType":"Preferences", "deleted":"0", "process_failed_to_decrypt":"0", "process_pending_decryption":"0", "process_success":"1", "total":"1"}}
{"logTime": "0326/141631", "correlationVector":"ZdPaVJZjiY25ZPhg75wuFb.3","action":"ProcessGetUpdates", "result":"Done", "context":{"dataType":"Sessions", "deleted":"0", "process_failed_to_decrypt":"0", "process_pending_decryption":"0", "process_success":"2", "total":"2"}}
{"logTime": "0326/141631", "correlationVector":"ZdPaVJZjiY25ZPhg75wuFb.4","action":"ProcessGetUpdates", "result":"Done", "context":{"dataType":"Device Info", "deleted":"0", "process_failed_to_decrypt":"0", "process_pending_decryption":"0", "process_success":"1", "total":"1"}}
{"logTime": "0326/141631", "correlationVector":"ZdPaVJZjiY25ZPhg75wuFb.5","action":"ProcessGetUpdates", "result":"Done", "context":{"dataType":"Edge Hub App Usage", "deleted":"0", "process_failed_to_decrypt":"0", "process_pending_decryption":"0", "process_success":"2", "total":"2"}}
{"logTime": "0326/141631", "correlationVector":"ZdPaVJZjiY25ZPhg75wuFb.6","action":"GetUpdates Response", "result":"Success", "context":Received 6 update(s). cV=ZdPaVJZjiY25ZPhg75wuFb.0;server=akswtt11200000o;cloudType=Consumer;environment=Prod_southeastasia_prod-s01-064-apac-southeastasia;migrationStage=NotStarted}
{"logTime": "0326/141631", "correlationVector":"USBl2za85gx9PJJIK0xE+r","action":"Commit Request", "result":"", "context":Item count: 5
Contributing types: Sessions, Device Info, History}
{"logTime": "0326/141632", "correlationVector":"USBl2za85gx9PJJIK0xE+r.1","action":"SyncServerConnectionManagerRequest", "result":"SYNC_SERVER_OK", "context":{"environment":"Prod_southeastasia_prod-s01-064-apac-southeastasia", "migrationStage":"NotStarted", "server":"akswtt112000004"}}
{"logTime": "0326/141632", "correlationVector":"USBl2za85gx9PJJIK0xE+r.2","action":"Commit Response", "result":"Success", "context":Result: Success. cV=USBl2za85gx9PJJIK0xE+r.0;server=akswtt112000004;cloudType=Consumer;environment=Prod_southeastasia_prod-s01-064-apac-southeastasia;migrationStage=NotStarted}
{"logTime": "0326/141639", "correlationVector":"kayXrOsQuzDrTWDHqEOQi3","action":"Commit Request", "result":"", "context":Item count: 27
Contributing types: Preferences, Passwords, Sessions, History}
{"logTime": "0326/141640", "correlationVector":"kayXrOsQuzDrTWDHqEOQi3.1","action":"SyncServerConnectionManagerRequest", "result":"SYNC_SERVER_OK", "context":{"environment":"Prod_southeastasia_prod-s01-064-apac-southeastasia", "migrationStage":"NotStarted", "server":"akswtt112000002"}}
{"logTime": "0326/141640", "correlationVector":"kayXrOsQuzDrTWDHqEOQi3.2","action":"Commit Response", "result":"Success", "context":Result: Success. cV=kayXrOsQuzDrTWDHqEOQi3.0;server=akswtt112000002;cloudType=Consumer;environment=Prod_southeastasia_prod-s01-064-apac-southeastasia;migrationStage=NotStarted}
{"logTime": "0326/141640", "correlationVector":"kayXrOsQuzDrTWDHqEOQi3.3","action":"Commit.Sessions", "result":"Success", "context":{"id":"76938dca-d1f7-46d7-9fa3-98bbf6cc5e6d", "isDeleted":"true", "size":"0", "version":"1774534592179"}}
{"logTime": "0326/141719", "correlationVector":"iyowBGRw2yuI8957sGQr2A","action":"Commit Request", "result":"", "context":Item count: 25
Contributing types: Passwords, Sessions, History}
{"logTime": "0326/141720", "correlationVector":"iyowBGRw2yuI8957sGQr2A.1","action":"SyncServerConnectionManagerRequest", "result":"SYNC_SERVER_OK", "context":{"environment":"Prod_southeastasia_prod-s01-064-apac-southeastasia", "migrationStage":"NotStarted", "server":"akswtt112000002"}}
{"logTime": "0326/141720", "correlationVector":"iyowBGRw2yuI8957sGQr2A.2","action":"Commit Response", "result":"Success", "context":Result: Success. cV=iyowBGRw2yuI8957sGQr2A.0;server=akswtt112000002;cloudType=Consumer;environment=Prod_southeastasia_prod-s01-064-apac-southeastasia;migrationStage=NotStarted}
{"logTime": "0326/142256", "correlationVector":"36+P7yoEjgmaY7TGs5o7Qi","action":"Commit Request", "result":"", "context":Item count: 1
Contributing types: Sessions}
{"logTime": "0326/142257", "correlationVector":"36+P7yoEjgmaY7TGs5o7Qi.1","action":"SyncServerConnectionManagerRequest", "result":"SYNC_SERVER_OK", "context":{"environment":"Prod_southeastasia_prod-s01-064-apac-southeastasia", "migrationStage":"NotStarted", "server":"akswtt11200000q"}}
{"logTime": "0326/142257", "correlationVector":"36+P7yoEjgmaY7TGs5o7Qi.2","action":"Commit Response", "result":"Success", "context":Result: Success. cV=36+P7yoEjgmaY7TGs5o7Qi.0;server=akswtt11200000q;cloudType=Consumer;environment=Prod_southeastasia_prod-s01-064-apac-southeastasia;migrationStage=NotStarted}
{"logTime": "0326/143612", "correlationVector":"jvnl2LJCkWaAVf7k6ooXz5.1","action":"SyncServerConnectionManagerRequest", "result":"SYNC_SERVER_OK", "context":{"environment":"Prod_southeastasia_prod-s01-064-apac-southeastasia", "migrationStage":"NotStarted", "server":"akswtt11200000q"}}
{"logTime": "0326/143612", "correlationVector":"jvnl2LJCkWaAVf7k6ooXz5.2","action":"ProcessGetUpdates", "result":"Done", "context":{"dataType":"Encryption Keys", "deleted":"0", "process_failed_to_decrypt":"0", "process_pending_decryption":"0", "process_success":"1", "total":"1"}}
{"logTime": "0326/143613", "correlationVector":"YdTm/Hxf1xBc4Wc4Tjoa3/","action":"SyncServerConnectionManagerRequest", "result":"SYNC_SERVER_OK", "context":{"environment":"", "migrationStage":"", "server":""}}
{"logTime": "0326/143613", "correlationVector":"YdTm/Hxf1xBc4Wc4Tjoa3/.0","action":"EncryptionKeysFetcher.DownloadKeys:", "result":"Success", "context":Key count: 5, Last key timestamp: 2025-10-06T17:52:10Z}
{"logTime": "0326/143613", "correlationVector":"YdTm/Hxf1xBc4Wc4Tjoa3/.1","action":"EncryptionKeysManager::SetEncryptionKeys:", "result":"Success", "context":Key names[5]:[5A8FBOQYxEvx0EzdLdcuVqq59/DYMTfYfrTirSji9PDqM31eYad1EJuVy1yc7l8iYeZ2mnWJpAwuIfxi4Kv9KQ==][Ey79/g2uQfElK26gEVlKJon/85kM8rw3NVJiu185U5fhuh/Zpn7RmkAe/uMCND0QWT3KkcXBbr8jUtUfwxYIAg==][B4WUgaOs6kBHTckTB3kEP12bpyk7Ms9MkzX2BFgKcXWVlxhZyMvd480IC//vfLCiHnGDnAQojKi0CNoVDo5tzw==][8evgiQzKmSji695A1bf4QU/ytcksAr9cScpVoUTMutgGaZvkR8NqbQ+phyJ4cSQt/qCCNixIoyPiV5R7PPmpog==][Lgl5T1Esa5hO+dNuToyGbX+dcIWQKyxCkhfx6mz0wumdYsHZzVQ7k7mYDTDh3BKavyqQUv/5vNKxFlcYs9rtSw==]}
{"logTime": "0326/143613", "correlationVector":"YdTm/Hxf1xBc4Wc4Tjoa3/.2","action":"EncryptionKeysManager::SetEncryptionKeysWithTimestamps:", "result":"Success", "context":Key timestamps[5]:[2023-10-10T03:19:32Z][2024-04-07T14:41:15Z][2024-10-09T19:05:47Z][2025-04-09T13:00:18Z][2025-10-06T17:52:10Z]}
{"logTime": "0326/143613", "correlationVector":"jvnl2LJCkWaAVf7k6ooXz5","action":"Initial GetUpdates", "result":"", "context":Reason: NEW_CLIENT. cV=jvnl2LJCkWaAVf7k6ooXz5}
{"logTime": "0326/143613", "correlationVector":"jvnl2LJCkWaAVf7k6ooXz5.3","action":"GetUpdates Response", "result":"Success", "context":Received 1 update(s). cV=jvnl2LJCkWaAVf7k6ooXz5.0;server=akswtt11200000q;cloudType=Consumer;environment=Prod_southeastasia_prod-s01-064-apac-southeastasia;migrationStage=NotStarted}
{"logTime": "0326/143613", "correlationVector":"5aZLHdvFnyVLUlTWLsiAI4","action":"Initial GetUpdates", "result":"", "context":Reason: NEWLY_SUPPORTED_DATATYPE. cV=5aZLHdvFnyVLUlTWLsiAI4}
{"logTime": "0326/143613", "correlationVector":"5aZLHdvFnyVLUlTWLsiAI4.1","action":"SyncServerConnectionManagerRequest", "result":"SYNC_SERVER_OK", "context":{"environment":"Prod_southeastasia_prod-s01-064-apac-southeastasia", "migrationStage":"NotStarted", "server":"akswtt112000005"}}
{"logTime": "0326/143613", "correlationVector":"5aZLHdvFnyVLUlTWLsiAI4.2","action":"ProcessGetUpdates", "result":"Done", "context":{"dataType":"Preferences", "deleted":"0", "process_failed_to_decrypt":"0", "process_pending_decryption":"0", "process_success":"91", "total":"91"}}
{"logTime": "0326/143613", "correlationVector":"5aZLHdvFnyVLUlTWLsiAI4.3","action":"ProcessGetUpdates", "result":"Done", "context":{"dataType":"Passwords", "deleted":"1", "process_failed_to_decrypt":"0", "process_pending_decryption":"0", "process_success":"27", "total":"27"}}
{"logTime": "0326/143613", "correlationVector":"5aZLHdvFnyVLUlTWLsiAI4.4","action":"ProcessGetUpdates", "result":"Done", "context":{"dataType":"Device Info", "deleted":"0", "process_failed_to_decrypt":"0", "process_pending_decryption":"0", "process_success":"24", "total":"24"}}
{"logTime": "0326/143613", "correlationVector":"5aZLHdvFnyVLUlTWLsiAI4.5","action":"GetUpdates Response", "result":"Success", "context":Received 142 update(s). cV=5aZLHdvFnyVLUlTWLsiAI4.0;server=akswtt112000005;cloudType=Consumer;environment=Prod_southeastasia_prod-s01-064-apac-southeastasia;migrationStage=NotStarted}
{"logTime": "0326/143613", "correlationVector":"LqczgrcrKzXHhUYI/s0vRq","action":"Initial GetUpdates", "result":"", "context":Reason: NEWLY_SUPPORTED_DATATYPE. cV=LqczgrcrKzXHhUYI/s0vRq}
{"logTime": "0326/143614", "correlationVector":"LqczgrcrKzXHhUYI/s0vRq.1","action":"SyncServerConnectionManagerRequest", "result":"SYNC_SERVER_OK", "context":{"environment":"Prod_southeastasia_prod-s01-064-apac-southeastasia", "migrationStage":"NotStarted", "server":"akswtt11200000f"}}
{"logTime": "0326/143614", "correlationVector":"LqczgrcrKzXHhUYI/s0vRq.2","action":"ProcessGetUpdates", "result":"Done", "context":{"dataType":"Bookmarks", "deleted":"1", "process_failed_to_decrypt":"0", "process_pending_decryption":"0", "process_success":"18", "total":"18"}}
{"logTime": "0326/143614", "correlationVector":"LqczgrcrKzXHhUYI/s0vRq.3","action":"GetUpdates Response", "result":"Success", "context":Received 18 update(s). cV=LqczgrcrKzXHhUYI/s0vRq.0;server=akswtt11200000f;cloudType=Consumer;environment=Prod_southeastasia_prod-s01-064-apac-southeastasia;migrationStage=NotStarted}
{"logTime": "0326/143614", "correlationVector":"baO+lRbw+z+DYcfpAi+xkn","action":"Initial GetUpdates", "result":"", "context":Reason: NEWLY_SUPPORTED_DATATYPE. cV=baO+lRbw+z+DYcfpAi+xkn}
{"logTime": "0326/143614", "correlationVector":"baO+lRbw+z+DYcfpAi+xkn.1","action":"SyncServerConnectionManagerRequest", "result":"SYNC_SERVER_OK", "context":{"environment":"Prod_southeastasia_prod-s01-064-apac-southeastasia", "migrationStage":"NotStarted", "server":"akswtt112000004"}}
{"logTime": "0326/143614", "correlationVector":"baO+lRbw+z+DYcfpAi+xkn.2","action":"ProcessGetUpdates", "result":"Done", "context":{"dataType":"Autofill Profiles", "deleted":"1", "process_failed_to_decrypt":"0", "process_pending_decryption":"0", "process_success":"10", "total":"10"}}
{"logTime": "0326/143614", "correlationVector":"baO+lRbw+z+DYcfpAi+xkn.3","action":"ProcessGetUpdates", "result":"Done", "context":{"dataType":"Autofill", "deleted":"0", "process_failed_to_decrypt":"0", "process_pending_decryption":"0", "process_success":"82", "total":"82"}}
{"logTime": "0326/143614", "correlationVector":"baO+lRbw+z+DYcfpAi+xkn.4","action":"ProcessGetUpdates", "result":"Done", "context":{"dataType":"Sessions", "deleted":"147", "process_failed_to_decrypt":"0", "process_pending_decryption":"0", "process_success":"147", "total":"147"}}
{"logTime": "0326/143614", "correlationVector":"baO+lRbw+z+DYcfpAi+xkn.5","action":"ProcessGetUpdates", "result":"Done", "context":{"dataType":"Edge Hub App Usage", "deleted":"8", "process_failed_to_decrypt":"0", "process_pending_decryption":"0", "process_success":"11", "total":"11"}}
{"logTime": "0326/143614", "correlationVector":"baO+lRbw+z+DYcfpAi+xkn.6","action":"GetUpdates Response", "result":"Success", "context":Received 250 update(s). cV=baO+lRbw+z+DYcfpAi+xkn.0;server=akswtt112000004;cloudType=Consumer;environment=Prod_southeastasia_prod-s01-064-apac-southeastasia;migrationStage=NotStarted Some updates remain.}
{"logTime": "0326/143614", "correlationVector":"8EaTH/a9ZSF2Tb7u7TAkGS","action":"Initial GetUpdates", "result":"", "context":Reason: NEWLY_SUPPORTED_DATATYPE. cV=8EaTH/a9ZSF2Tb7u7TAkGS}
{"logTime": "0326/143614", "correlationVector":"8EaTH/a9ZSF2Tb7u7TAkGS.1","action":"SyncServerConnectionManagerRequest", "result":"SYNC_SERVER_OK", "context":{"environment":"Prod_southeastasia_prod-s01-064-apac-southeastasia", "migrationStage":"NotStarted", "server":"akswtt112000004"}}
{"logTime": "0326/143614", "correlationVector":"8EaTH/a9ZSF2Tb7u7TAkGS.2","action":"ProcessGetUpdates", "result":"Done", "context":{"dataType":"Autofill Profiles", "deleted":"0", "process_failed_to_decrypt":"0", "process_pending_decryption":"0", "process_success":"1", "total":"1"}}
{"logTime": "0326/143614", "correlationVector":"8EaTH/a9ZSF2Tb7u7TAkGS.3","action":"ProcessGetUpdates", "result":"Done", "context":{"dataType":"Autofill", "deleted":"0", "process_failed_to_decrypt":"0", "process_pending_decryption":"0", "process_success":"44", "total":"44"}}
{"logTime": "0326/143614", "correlationVector":"8EaTH/a9ZSF2Tb7u7TAkGS.4","action":"ProcessGetUpdates", "result":"Done", "context":{"dataType":"Sessions", "deleted":"194", "process_failed_to_decrypt":"0", "process_pending_decryption":"0", "process_success":"194", "total":"194"}}
{"logTime": "0326/143614", "correlationVector":"8EaTH/a9ZSF2Tb7u7TAkGS.5","action":"ProcessGetUpdates", "result":"Done", "context":{"dataType":"Edge Hub App Usage", "deleted":"9", "process_failed_to_decrypt":"0", "process_pending_decryption":"0", "process_success":"11", "total":"11"}}
{"logTime": "0326/143614", "correlationVector":"8EaTH/a9ZSF2Tb7u7TAkGS.6","action":"GetUpdates Response", "result":"Success", "context":Received 250 update(s). cV=8EaTH/a9ZSF2Tb7u7TAkGS.0;server=akswtt112000004;cloudType=Consumer;environment=Prod_southeastasia_prod-s01-064-apac-southeastasia;migrationStage=NotStarted Some updates remain.}
{"logTime": "0326/143614", "correlationVector":"bs76uY1P8lDXWQZIilYlfr","action":"Initial GetUpdates", "result":"", "context":Reason: NEWLY_SUPPORTED_DATATYPE. cV=bs76uY1P8lDXWQZIilYlfr}
{"logTime": "0326/143615", "correlationVector":"bs76uY1P8lDXWQZIilYlfr.1","action":"SyncServerConnectionManagerRequest", "result":"SYNC_SERVER_OK", "context":{"environment":"Prod_southeastasia_prod-s01-064-apac-southeastasia", "migrationStage":"NotStarted", "server":"akswtt11200000f"}}
{"logTime": "0326/143615", "correlationVector":"bs76uY1P8lDXWQZIilYlfr.2","action":"ProcessGetUpdates", "result":"Done", "context":{"dataType":"Autofill Profiles", "deleted":"0", "process_failed_to_decrypt":"0", "process_pending_decryption":"0", "process_success":"2", "total":"2"}}
{"logTime": "0326/143615", "correlationVector":"bs76uY1P8lDXWQZIilYlfr.3","action":"ProcessGetUpdates", "result":"Done", "context":{"dataType":"Autofill", "deleted":"0", "process_failed_to_decrypt":"0", "process_pending_decryption":"0", "process_success":"46", "total":"46"}}
{"logTime": "0326/143615", "correlationVector":"bs76uY1P8lDXWQZIilYlfr.4","action":"ProcessGetUpdates", "result":"Done", "context":{"dataType":"Sessions", "deleted":"138", "process_failed_to_decrypt":"0", "process_pending_decryption":"0", "process_success":"168", "total":"168"}}
{"logTime": "0326/143615", "correlationVector":"bs76uY1P8lDXWQZIilYlfr.5","action":"ProcessGetUpdates", "result":"Done", "context":{"dataType":"Edge Hub App Usage", "deleted":"0", "process_failed_to_decrypt":"0", "process_pending_decryption":"0", "process_success":"11", "total":"11"}}
{"logTime": "0326/143615", "correlationVector":"bs76uY1P8lDXWQZIilYlfr.6","action":"GetUpdates Response", "result":"Success", "context":Received 227 update(s). cV=bs76uY1P8lDXWQZIilYlfr.0;server=akswtt11200000f;cloudType=Consumer;environment=Prod_southeastasia_prod-s01-064-apac-southeastasia;migrationStage=NotStarted}
{"logTime": "0326/143615", "correlationVector":"ZdY4LeNmYUUR3cdAeOji9J","action":"Initial GetUpdates", "result":"", "context":Reason: NEWLY_SUPPORTED_DATATYPE. cV=ZdY4LeNmYUUR3cdAeOji9J}
{"logTime": "0326/143615", "correlationVector":"ZdY4LeNmYUUR3cdAeOji9J.1","action":"SyncServerConnectionManagerRequest", "result":"SYNC_SERVER_OK", "context":{"environment":"Prod_southeastasia_prod-s01-064-apac-southeastasia", "migrationStage":"NotStarted", "server":"akswtt11200000h"}}
{"logTime": "0326/143615", "correlationVector":"ZdY4LeNmYUUR3cdAeOji9J.2","action":"ProcessGetUpdates", "result":"Done", "context":{"dataType":"History", "deleted":"0", "process_failed_to_decrypt":"0", "process_pending_decryption":"0", "process_success":"250", "total":"250"}}
{"logTime": "0326/143615", "correlationVector":"ZdY4LeNmYUUR3cdAeOji9J.3","action":"GetUpdates Response", "result":"Success", "context":Received 250 update(s). cV=ZdY4LeNmYUUR3cdAeOji9J.0;server=akswtt11200000h;cloudType=Consumer;environment=Prod_southeastasia_prod-s01-064-apac-southeastasia;migrationStage=NotStarted Some updates remain.}
{"logTime": "0326/143615", "correlationVector":"ly9I+GfAbRcBoU9P4M+oDZ","action":"Initial GetUpdates", "result":"", "context":Reason: NEWLY_SUPPORTED_DATATYPE. cV=ly9I+GfAbRcBoU9P4M+oDZ}
{"logTime": "0326/143616", "correlationVector":"ly9I+GfAbRcBoU9P4M+oDZ.1","action":"SyncServerConnectionManagerRequest", "result":"SYNC_SERVER_OK", "context":{"environment":"Prod_southeastasia_prod-s01-064-apac-southeastasia", "migrationStage":"NotStarted", "server":"akswtt11200000a"}}
{"logTime": "0326/143616", "correlationVector":"ly9I+GfAbRcBoU9P4M+oDZ.2","action":"ProcessGetUpdates", "result":"Done", "context":{"dataType":"History", "deleted":"0", "process_failed_to_decrypt":"0", "process_pending_decryption":"0", "process_success":"250", "total":"250"}}
{"logTime": "0326/143616", "correlationVector":"ly9I+GfAbRcBoU9P4M+oDZ.3","action":"GetUpdates Response", "result":"Success", "context":Received 250 update(s). cV=ly9I+GfAbRcBoU9P4M+oDZ.0;server=akswtt11200000a;cloudType=Consumer;environment=Prod_southeastasia_prod-s01-064-apac-southeastasia;migrationStage=NotStarted Some updates remain.}
{"logTime": "0326/143616", "correlationVector":"hyYUMheGVG8shRMI5KclaZ","action":"Initial GetUpdates", "result":"", "context":Reason: NEWLY_SUPPORTED_DATATYPE. cV=hyYUMheGVG8shRMI5KclaZ}
{"logTime": "0326/143616", "correlationVector":"hyYUMheGVG8shRMI5KclaZ.1","action":"SyncServerConnectionManagerRequest", "result":"SYNC_SERVER_OK", "context":{"environment":"Prod_southeastasia_prod-s01-064-apac-southeastasia", "migrationStage":"NotStarted", "server":"akswtt11200000g"}}
{"logTime": "0326/143616", "correlationVector":"hyYUMheGVG8shRMI5KclaZ.2","action":"ProcessGetUpdates", "result":"Done", "context":{"dataType":"History", "deleted":"0", "process_failed_to_decrypt":"0", "process_pending_decryption":"0", "process_success":"250", "total":"250"}}
{"logTime": "0326/143616", "correlationVector":"hyYUMheGVG8shRMI5KclaZ.3","action":"GetUpdates Response", "result":"Success", "context":Received 250 update(s). cV=hyYUMheGVG8shRMI5KclaZ.0;server=akswtt11200000g;cloudType=Consumer;environment=Prod_southeastasia_prod-s01-064-apac-southeastasia;migrationStage=NotStarted Some updates remain.}
{"logTime": "0326/143616", "correlationVector":"3rn5bAxBdyHZC9gTWOoqDq","action":"Initial GetUpdates", "result":"", "context":Reason: NEWLY_SUPPORTED_DATATYPE. cV=3rn5bAxBdyHZC9gTWOoqDq}
{"logTime": "0326/143617", "correlationVector":"3rn5bAxBdyHZC9gTWOoqDq.1","action":"SyncServerConnectionManagerRequest", "result":"SYNC_SERVER_OK", "context":{"environment":"Prod_southeastasia_prod-s01-064-apac-southeastasia", "migrationStage":"NotStarted", "server":"akswtt11200000m"}}
{"logTime": "0326/143617", "correlationVector":"3rn5bAxBdyHZC9gTWOoqDq.2","action":"ProcessGetUpdates", "result":"Done", "context":{"dataType":"History", "deleted":"0", "process_failed_to_decrypt":"0", "process_pending_decryption":"0", "process_success":"250", "total":"250"}}
{"logTime": "0326/143617", "correlationVector":"3rn5bAxBdyHZC9gTWOoqDq.3","action":"GetUpdates Response", "result":"Success", "context":Received 250 update(s). cV=3rn5bAxBdyHZC9gTWOoqDq.0;server=akswtt11200000m;cloudType=Consumer;environment=Prod_southeastasia_prod-s01-064-apac-southeastasia;migrationStage=NotStarted Some updates remain.}
{"logTime": "0326/143617", "correlationVector":"V7P9Jm8O2CUrX/aSTexz6S","action":"Initial GetUpdates", "result":"", "context":Reason: NEWLY_SUPPORTED_DATATYPE. cV=V7P9Jm8O2CUrX/aSTexz6S}
{"logTime": "0326/143617", "correlationVector":"V7P9Jm8O2CUrX/aSTexz6S.1","action":"SyncServerConnectionManagerRequest", "result":"SYNC_SERVER_OK", "context":{"environment":"Prod_southeastasia_prod-s01-064-apac-southeastasia", "migrationStage":"NotStarted", "server":"akswtt112000004"}}
{"logTime": "0326/143617", "correlationVector":"V7P9Jm8O2CUrX/aSTexz6S.2","action":"ProcessGetUpdates", "result":"Done", "context":{"dataType":"History", "deleted":"0", "process_failed_to_decrypt":"0", "process_pending_decryption":"0", "process_success":"250", "total":"250"}}
{"logTime": "0326/143617", "correlationVector":"V7P9Jm8O2CUrX/aSTexz6S.3","action":"GetUpdates Response", "result":"Success", "context":Received 250 update(s). cV=V7P9Jm8O2CUrX/aSTexz6S.0;server=akswtt112000004;cloudType=Consumer;environment=Prod_southeastasia_prod-s01-064-apac-southeastasia;migrationStage=NotStarted Some updates remain.}
{"logTime": "0326/143617", "correlationVector":"6pH6TxsmMZConU/SNR5rQK","action":"Initial GetUpdates", "result":"", "context":Reason: NEWLY_SUPPORTED_DATATYPE. cV=6pH6TxsmMZConU/SNR5rQK}
{"logTime": "0326/143618", "correlationVector":"6pH6TxsmMZConU/SNR5rQK.1","action":"SyncServerConnectionManagerRequest", "result":"SYNC_SERVER_OK", "context":{"environment":"Prod_southeastasia_prod-s01-064-apac-southeastasia", "migrationStage":"NotStarted", "server":"akswtt11200000l"}}
{"logTime": "0326/143618", "correlationVector":"6pH6TxsmMZConU/SNR5rQK.2","action":"ProcessGetUpdates", "result":"Done", "context":{"dataType":"History", "deleted":"0", "process_failed_to_decrypt":"0", "process_pending_decryption":"0", "process_success":"250", "total":"250"}}
{"logTime": "0326/143618", "correlationVector":"6pH6TxsmMZConU/SNR5rQK.3","action":"GetUpdates Response", "result":"Success", "context":Received 250 update(s). cV=6pH6TxsmMZConU/SNR5rQK.0;server=akswtt11200000l;cloudType=Consumer;environment=Prod_southeastasia_prod-s01-064-apac-southeastasia;migrationStage=NotStarted Some updates remain.}
{"logTime": "0326/143618", "correlationVector":"NVfTlo70KiIeKIH8shL3Qh","action":"Initial GetUpdates", "result":"", "context":Reason: NEWLY_SUPPORTED_DATATYPE. cV=NVfTlo70KiIeKIH8shL3Qh}
{"logTime": "0326/143618", "correlationVector":"NVfTlo70KiIeKIH8shL3Qh.1","action":"SyncServerConnectionManagerRequest", "result":"SYNC_SERVER_OK", "context":{"environment":"Prod_southeastasia_prod-s01-064-apac-southeastasia", "migrationStage":"NotStarted", "server":"akswtt112000009"}}
{"logTime": "0326/143618", "correlationVector":"NVfTlo70KiIeKIH8shL3Qh.2","action":"ProcessGetUpdates", "result":"Done", "context":{"dataType":"History", "deleted":"0", "process_failed_to_decrypt":"0", "process_pending_decryption":"0", "process_success":"168", "total":"168"}}
{"logTime": "0326/143618", "correlationVector":"NVfTlo70KiIeKIH8shL3Qh.3","action":"GetUpdates Response", "result":"Success", "context":Received 168 update(s). cV=NVfTlo70KiIeKIH8shL3Qh.0;server=akswtt112000009;cloudType=Consumer;environment=Prod_southeastasia_prod-s01-064-apac-southeastasia;migrationStage=NotStarted}
{"logTime": "0326/143618", "correlationVector":"b8Tbm4aQFb13RV66yeAEUp","action":"Normal GetUpdate request", "result":"", "context":cV=b8Tbm4aQFb13RV66yeAEUp
Nudged types: Sessions, Device Info
Refresh requested types: Bookmarks, Preferences, Passwords, Autofill Profiles, Autofill, Extensions, Sessions, Extension settings, History Delete Directives, Device Info, User Consents, Send Tab To Self, Web Apps, History, Saved Tab Group, WebAuthn Credentials, Collection, Edge E Drop, Edge Hub App Usage, Edge Wallet, Edge Workspace, Encryption Keys}
{"logTime": "0326/143619", "correlationVector":"b8Tbm4aQFb13RV66yeAEUp.1","action":"SyncServerConnectionManagerRequest", "result":"SYNC_SERVER_OK", "context":{"environment":"Prod_southeastasia_prod-s01-064-apac-southeastasia", "migrationStage":"NotStarted", "server":"akswtt11200000j"}}
{"logTime": "0326/143619", "correlationVector":"b8Tbm4aQFb13RV66yeAEUp.2","action":"GetUpdates Response", "result":"Success", "context":Received 0 update(s). cV=b8Tbm4aQFb13RV66yeAEUp.0;server=akswtt11200000j;cloudType=Consumer;environment=Prod_southeastasia_prod-s01-064-apac-southeastasia;migrationStage=NotStarted}
{"logTime": "0326/143619", "correlationVector":"4uB73f8AIyfGLmxNm3U+j8","action":"Commit Request", "result":"", "context":Item count: 3
Contributing types: Sessions, Device Info}
{"logTime": "0326/143619", "correlationVector":"4uB73f8AIyfGLmxNm3U+j8.1","action":"SyncServerConnectionManagerRequest", "result":"SYNC_SERVER_OK", "context":{"environment":"Prod_southeastasia_prod-s01-064-apac-southeastasia", "migrationStage":"NotStarted", "server":"akswtt11200000g"}}
{"logTime": "0326/143619", "correlationVector":"4uB73f8AIyfGLmxNm3U+j8.2","action":"Commit Response", "result":"Success", "context":Result: Success. cV=4uB73f8AIyfGLmxNm3U+j8.0;server=akswtt11200000g;cloudType=Consumer;environment=Prod_southeastasia_prod-s01-064-apac-southeastasia;migrationStage=NotStarted}
{"logTime": "0326/143625", "correlationVector":"LSuH7DoraiOEllvna9laHD","action":"Commit Request", "result":"", "context":Item count: 26
Contributing types: Preferences, Passwords, Sessions, History}
{"logTime": "0326/143626", "correlationVector":"LSuH7DoraiOEllvna9laHD.1","action":"SyncServerConnectionManagerRequest", "result":"SYNC_SERVER_OK", "context":{"environment":"Prod_southeastasia_prod-s01-064-apac-southeastasia", "migrationStage":"NotStarted", "server":"akswtt11200000m"}}
{"logTime": "0326/143626", "correlationVector":"LSuH7DoraiOEllvna9laHD.2","action":"Commit Response", "result":"Success", "context":Result: Success. cV=LSuH7DoraiOEllvna9laHD.0;server=akswtt11200000m;cloudType=Consumer;environment=Prod_southeastasia_prod-s01-064-apac-southeastasia;migrationStage=NotStarted}
{"logTime": "0326/143727", "correlationVector":"iIvQHK3b+CCJSQFhEdErTh","action":"Commit Request", "result":"", "context":Item count: 2
Contributing types: Sessions, History}
{"logTime": "0326/143727", "correlationVector":"iIvQHK3b+CCJSQFhEdErTh.1","action":"SyncServerConnectionManagerRequest", "result":"SYNC_SERVER_OK", "context":{"environment":"Prod_southeastasia_prod-s01-064-apac-southeastasia", "migrationStage":"NotStarted", "server":"akswtt11200000d"}}
{"logTime": "0326/143727", "correlationVector":"iIvQHK3b+CCJSQFhEdErTh.2","action":"Commit Response", "result":"Success", "context":Result: Success. cV=iIvQHK3b+CCJSQFhEdErTh.0;server=akswtt11200000d;cloudType=Consumer;environment=Prod_southeastasia_prod-s01-064-apac-southeastasia;migrationStage=NotStarted}
{"logTime": "0326/144147", "correlationVector":"m0S/RXMTqMV1Le81VrJneF","action":"Commit Request", "result":"", "context":Item count: 1
Contributing types: Sessions}
{"logTime": "0326/144147", "correlationVector":"m0S/RXMTqMV1Le81VrJneF.1","action":"SyncServerConnectionManagerRequest", "result":"SYNC_SERVER_OK", "context":{"environment":"Prod_southeastasia_prod-s01-064-apac-southeastasia", "migrationStage":"NotStarted", "server":"akswtt11200000k"}}
{"logTime": "0326/144147", "correlationVector":"m0S/RXMTqMV1Le81VrJneF.2","action":"Commit Response", "result":"Success", "context":Result: Success. cV=m0S/RXMTqMV1Le81VrJneF.0;server=akswtt11200000k;cloudType=Consumer;environment=Prod_southeastasia_prod-s01-064-apac-southeastasia;migrationStage=NotStarted}
{"logTime": "0326/144523", "correlationVector":"1WZRiDNt9LBKWzIK2OQHfF","action":"Commit Request", "result":"", "context":Item count: 3
Contributing types: Sessions, History}
{"logTime": "0326/144523", "correlationVector":"1WZRiDNt9LBKWzIK2OQHfF.1","action":"SyncServerConnectionManagerRequest", "result":"SYNC_SERVER_OK", "context":{"environment":"Prod_southeastasia_prod-s01-064-apac-southeastasia", "migrationStage":"NotStarted", "server":"akswtt11200000r"}}
{"logTime": "0326/144523", "correlationVector":"1WZRiDNt9LBKWzIK2OQHfF.2","action":"Commit Response", "result":"Success", "context":Result: Success. cV=1WZRiDNt9LBKWzIK2OQHfF.0;server=akswtt11200000r;cloudType=Consumer;environment=Prod_southeastasia_prod-s01-064-apac-southeastasia;migrationStage=NotStarted}
{"logTime": "0326/144754", "correlationVector":"oiSPy3fUnB6hDGklvt6xqS","action":"Commit Request", "result":"", "context":Item count: 3
Contributing types: Sessions, History}
{"logTime": "0326/144754", "correlationVector":"oiSPy3fUnB6hDGklvt6xqS.1","action":"SyncServerConnectionManagerRequest", "result":"SYNC_SERVER_OK", "context":{"environment":"Prod_southeastasia_prod-s01-064-apac-southeastasia", "migrationStage":"NotStarted", "server":"akswtt11200000d"}}
{"logTime": "0326/144754", "correlationVector":"oiSPy3fUnB6hDGklvt6xqS.2","action":"Commit Response", "result":"Success", "context":Result: Success. cV=oiSPy3fUnB6hDGklvt6xqS.0;server=akswtt11200000d;cloudType=Consumer;environment=Prod_southeastasia_prod-s01-064-apac-southeastasia;migrationStage=NotStarted}
{"logTime": "0326/145413", "correlationVector":"JApT+hzH/SnvgRN5lmPdE4","action":"Commit Request", "result":"", "context":Item count: 3
Contributing types: Sessions, History}
{"logTime": "0326/145414", "correlationVector":"JApT+hzH/SnvgRN5lmPdE4.1","action":"SyncServerConnectionManagerRequest", "result":"SYNC_SERVER_OK", "context":{"environment":"Prod_southeastasia_prod-s01-064-apac-southeastasia", "migrationStage":"NotStarted", "server":"akswtt11200000u"}}
{"logTime": "0326/145414", "correlationVector":"JApT+hzH/SnvgRN5lmPdE4.2","action":"Commit Response", "result":"Success", "context":Result: Success. cV=JApT+hzH/SnvgRN5lmPdE4.0;server=akswtt11200000u;cloudType=Consumer;environment=Prod_southeastasia_prod-s01-064-apac-southeastasia;migrationStage=NotStarted}
{"logTime": "0326/145624", "correlationVector":"nixKojfz+aKm8QERZkxcsE","action":"Normal GetUpdate request", "result":"", "context":cV=nixKojfz+aKm8QERZkxcsE
Notified types: Preferences, Device Info, History}
{"logTime": "0326/145625", "correlationVector":"nixKojfz+aKm8QERZkxcsE.1","action":"SyncServerConnectionManagerRequest", "result":"SYNC_SERVER_OK", "context":{"environment":"Prod_southeastasia_prod-s01-064-apac-southeastasia", "migrationStage":"NotStarted", "server":"akswtt11200000n"}}
{"logTime": "0326/145625", "correlationVector":"nixKojfz+aKm8QERZkxcsE.2","action":"ProcessGetUpdates", "result":"Done", "context":{"dataType":"Preferences", "deleted":"0", "process_failed_to_decrypt":"0", "process_pending_decryption":"0", "process_success":"3", "total":"3"}}
{"logTime": "0326/145625", "correlationVector":"nixKojfz+aKm8QERZkxcsE.3","action":"ProcessGetUpdates", "result":"Done", "context":{"dataType":"Passwords", "deleted":"0", "process_failed_to_decrypt":"0", "process_pending_decryption":"0", "process_success":"23", "total":"23"}}
{"logTime": "0326/145625", "correlationVector":"nixKojfz+aKm8QERZkxcsE.4","action":"ProcessGetUpdates", "result":"Done", "context":{"dataType":"Sessions", "deleted":"2", "process_failed_to_decrypt":"0", "process_pending_decryption":"0", "process_success":"6", "total":"6"}}
{"logTime": "0326/145625", "correlationVector":"nixKojfz+aKm8QERZkxcsE.5","action":"ProcessGetUpdates", "result":"Done", "context":{"dataType":"Device Info", "deleted":"0", "process_failed_to_decrypt":"0", "process_pending_decryption":"0", "process_success":"2", "total":"2"}}
{"logTime": "0326/145625", "correlationVector":"nixKojfz+aKm8QERZkxcsE.6","action":"ProcessGetUpdates", "result":"Done", "context":{"dataType":"History", "deleted":"0", "process_failed_to_decrypt":"0", "process_pending_decryption":"0", "process_success":"12", "total":"12"}}
{"logTime": "0326/145625", "correlationVector":"nixKojfz+aKm8QERZkxcsE.7","action":"GetUpdates Response", "result":"Success", "context":Received 46 update(s). cV=nixKojfz+aKm8QERZkxcsE.0;server=akswtt11200000n;cloudType=Consumer;environment=Prod_southeastasia_prod-s01-064-apac-southeastasia;migrationStage=NotStarted}
{"logTime": "0326/145638", "correlationVector":"EyFxb9F0wecOaN8f6wGI4A","action":"Normal GetUpdate request", "result":"", "context":cV=EyFxb9F0wecOaN8f6wGI4A
Notified types: Device Info, History}
{"logTime": "0326/145638", "correlationVector":"EyFxb9F0wecOaN8f6wGI4A.1","action":"SyncServerConnectionManagerRequest", "result":"SYNC_SERVER_OK", "context":{"environment":"Prod_southeastasia_prod-s01-064-apac-southeastasia", "migrationStage":"NotStarted", "server":"akswtt11200000u"}}
{"logTime": "0326/145638", "correlationVector":"EyFxb9F0wecOaN8f6wGI4A.2","action":"ProcessGetUpdates", "result":"Done", "context":{"dataType":"Sessions", "deleted":"0", "process_failed_to_decrypt":"0", "process_pending_decryption":"0", "process_success":"1", "total":"1"}}
{"logTime": "0326/145638", "correlationVector":"EyFxb9F0wecOaN8f6wGI4A.3","action":"ProcessGetUpdates", "result":"Done", "context":{"dataType":"Device Info", "deleted":"0", "process_failed_to_decrypt":"0", "process_pending_decryption":"0", "process_success":"1", "total":"1"}}
{"logTime": "0326/145638", "correlationVector":"EyFxb9F0wecOaN8f6wGI4A.4","action":"ProcessGetUpdates", "result":"Done", "context":{"dataType":"History", "deleted":"0", "process_failed_to_decrypt":"0", "process_pending_decryption":"0", "process_success":"2", "total":"2"}}
{"logTime": "0326/145638", "correlationVector":"EyFxb9F0wecOaN8f6wGI4A.5","action":"GetUpdates Response", "result":"Success", "context":Received 4 update(s). cV=EyFxb9F0wecOaN8f6wGI4A.0;server=akswtt11200000u;cloudType=Consumer;environment=Prod_southeastasia_prod-s01-064-apac-southeastasia;migrationStage=NotStarted}
{"logTime": "0326/145818", "correlationVector":"OzRIhe+r4uqYaKplSxvC0D","action":"Commit Request", "result":"", "context":Item count: 1
Contributing types: Sessions}
{"logTime": "0326/145818", "correlationVector":"OzRIhe+r4uqYaKplSxvC0D.1","action":"SyncServerConnectionManagerRequest", "result":"SYNC_SERVER_OK", "context":{"environment":"Prod_southeastasia_prod-s01-064-apac-southeastasia", "migrationStage":"NotStarted", "server":"akswtt112000005"}}
{"logTime": "0326/145818", "correlationVector":"OzRIhe+r4uqYaKplSxvC0D.2","action":"Commit Response", "result":"Success", "context":Result: Success. cV=OzRIhe+r4uqYaKplSxvC0D.0;server=akswtt112000005;cloudType=Consumer;environment=Prod_southeastasia_prod-s01-064-apac-southeastasia;migrationStage=NotStarted}
