2026-03-26 14:10:30.264: [INFO][Sync] Reset engine, reason: 8
2026-03-26 14:10:30.265: [INFO][Sync] Stopped: Bookmarks
2026-03-26 14:10:30.265: [INFO][Sync] Stopped: Preferences
2026-03-26 14:10:30.265: [INFO][Sync] Stopped: Passwords
2026-03-26 14:10:30.265: [INFO][Sync] Stopped: Autofill Profiles
2026-03-26 14:10:30.265: [INFO][Sync] Stopped: Autofill
2026-03-26 14:10:30.265: [INFO][Sync] Stopped: Extensions
2026-03-26 14:10:30.265: [INFO][Sync] Stopped: Sessions
2026-03-26 14:10:30.265: [INFO][Sync] Stopped: Extension settings
2026-03-26 14:10:30.265: [INFO][Sync] Stopped: History Delete Directives
2026-03-26 14:10:30.265: [INFO][Sync] Stopped: Device Info
2026-03-26 14:10:30.265: [INFO][Sync] Stopped: User Consents
2026-03-26 14:10:30.265: [INFO][Sync] Stopped: Send Tab To Self
2026-03-26 14:10:30.265: [INFO][Sync] Stopped: Web Apps
2026-03-26 14:10:30.265: [INFO][Sync] Stopped: History
2026-03-26 14:10:30.265: [INFO][Sync] Stopped: Saved Tab Group
2026-03-26 14:10:30.265: [INFO][Sync] Stopped: WebAuthn Credentials
2026-03-26 14:10:30.265: [INFO][Sync] Stopped: Collection
2026-03-26 14:10:30.265: [INFO][Sync] Stopped: Edge E Drop
2026-03-26 14:10:30.265: [INFO][Sync] Stopped: Edge Hub App Usage
2026-03-26 14:10:30.265: [INFO][Sync] Stopped: Edge Wallet
2026-03-26 14:10:30.265: [INFO][Sync] Stopped: Edge Workspace
2026-03-26 14:10:30.265: [INFO][Sync] SyncState after authenticated was: NotSignedIn
2026-03-26 14:10:30.782: [INFO][Sync] Reset engine, reason: 8
2026-03-26 14:10:30.782: [INFO][Sync] Stopped: Bookmarks
2026-03-26 14:10:30.782: [INFO][Sync] Stopped: Preferences
2026-03-26 14:10:30.782: [INFO][Sync] Stopped: Passwords
2026-03-26 14:10:30.782: [INFO][Sync] Stopped: Autofill Profiles
2026-03-26 14:10:30.782: [INFO][Sync] Stopped: Autofill
2026-03-26 14:10:30.782: [INFO][Sync] Stopped: Extensions
2026-03-26 14:10:30.782: [INFO][Sync] Stopped: Sessions
2026-03-26 14:10:30.782: [INFO][Sync] Stopped: Extension settings
2026-03-26 14:10:30.782: [INFO][Sync] Stopped: History Delete Directives
2026-03-26 14:10:30.782: [INFO][Sync] Stopped: Device Info
2026-03-26 14:10:30.782: [INFO][Sync] Stopped: User Consents
2026-03-26 14:10:30.782: [INFO][Sync] Stopped: Send Tab To Self
2026-03-26 14:10:30.782: [INFO][Sync] Stopped: Web Apps
2026-03-26 14:10:30.782: [INFO][Sync] Stopped: History
2026-03-26 14:10:30.782: [INFO][Sync] Stopped: Saved Tab Group
2026-03-26 14:10:30.782: [INFO][Sync] Stopped: WebAuthn Credentials
2026-03-26 14:10:30.782: [INFO][Sync] Stopped: Collection
2026-03-26 14:10:30.782: [INFO][Sync] Stopped: Edge E Drop
2026-03-26 14:10:30.782: [INFO][Sync] Stopped: Edge Hub App Usage
2026-03-26 14:10:30.782: [INFO][Sync] Stopped: Edge Wallet
2026-03-26 14:10:30.782: [INFO][Sync] Stopped: Edge Workspace
2026-03-26 14:10:34.045: [INFO][Sync] Try to start sync engine
2026-03-26 14:10:34.057: [INFO][SyncManagerImpl::NudgeForInitialDownload] Initial download nudge for Encryption Keys
2026-03-26 14:10:34.057: [INFO][SyncEngineBackend::LoadAndConnectNigoriController] Load and connect Nigori controller
2026-03-26 14:10:34.057: [INFO][SyncEngineBackend::DoInitialize] Control Types added: Encryption Keys
2026-03-26 14:10:34.057: [INFO][SyncManagerImpl::ConfigureSyncer] Types to download: Encryption Keys with reason: 3
2026-03-26 14:10:34.058: [INFO][SyncSchedulerImpl::DoConfigurationSyncCycleJob] Configure job was blocked
2026-03-26 14:10:34.131: [INFO][SyncAuthManager::SetLastAuthError] Current auth error: None
2026-03-26 14:10:34.131: [INFO][SyncAuthManager::EdgeLogTokenErrorState] Token error with: None for account type: MSA
2026-03-26 14:10:34.131: [INFO][Sync] Credentials changed for: EdgeSyncScopeNew
2026-03-26 14:10:34.983: [INFO][SyncAuthManager::SetLastAuthError] Current auth error: None
2026-03-26 14:10:34.984: [INFO][SyncAuthManager::EdgeLogTokenErrorState] Token error with: None for account type: MSA
2026-03-26 14:10:34.984: [INFO][Sync] Credentials changed for: EdgeSyncKeyDataScope
2026-03-26 14:10:34.984: [INFO][SyncEngineBackend::DoUpdateKeyDataCredentials] Update key data credentials
2026-03-26 14:10:34.984: [INFO][SyncEngineBackend::DoUpdateCredentials] Update credentials
2026-03-26 14:10:34.984: [INFO][SyncSchedulerImpl::DoConfigurationSyncCycleJob] Blocked types:  and types to download: Encryption Keys
2026-03-26 14:10:35.349: [INFO][Sync] Started DataTypeManager configuration, reason: 4
2026-03-26 14:10:35.351: [INFO][Sync] Configuring for: Bookmarks, Preferences, Passwords, Autofill Profiles, Autofill, Extensions, Sessions, Extension settings, History Delete Directives, Device Info, User Consents, Send Tab To Self, Web Apps, History, Saved Tab Group, WebAuthn Credentials, Collection, Edge E Drop, Edge Hub App Usage, Edge Wallet, Edge Workspace, Encryption Keys, reason: 3, current state: 0
2026-03-26 14:10:35.351: [WARN][Sync] Crypto error data types: Passwords, Autofill Profiles, Autofill
2026-03-26 14:10:35.358: [INFO][Sync] Configure, desired: Bookmarks, Preferences, Extensions, Sessions, Extension settings, History Delete Directives, Device Info, User Consents, Send Tab To Self, Web Apps, History, Saved Tab Group, WebAuthn Credentials, Collection, Edge E Drop, Edge Hub App Usage, Edge Wallet, Edge Workspace, Encryption Keys; Allow fail: Passwords, Autofill Profiles, Autofill
2026-03-26 14:10:35.358: [INFO][Sync] Loading: Bookmarks
2026-03-26 14:10:35.358: [INFO][Sync] Loading: Preferences
2026-03-26 14:10:35.358: [INFO][Sync] Loading: Extensions
2026-03-26 14:10:35.359: [INFO][Sync] Loading: Sessions
2026-03-26 14:10:35.360: [INFO][Sync] Loading: Extension settings
2026-03-26 14:10:35.360: [INFO][Sync] Loading: History Delete Directives
2026-03-26 14:10:35.360: [INFO][Sync] Loading: Device Info
2026-03-26 14:10:35.361: [INFO][Sync] Loading: User Consents
2026-03-26 14:10:35.362: [INFO][Sync] Loading: Send Tab To Self
2026-03-26 14:10:35.362: [INFO][Sync] Loading: Web Apps
2026-03-26 14:10:35.362: [INFO][Sync] Loading: History
2026-03-26 14:10:35.362: [INFO][Sync] Loading: Saved Tab Group
2026-03-26 14:10:35.362: [INFO][Sync] Loading: WebAuthn Credentials
2026-03-26 14:10:35.362: [INFO][Sync] Loading: Collection
2026-03-26 14:10:35.362: [INFO][Sync] Loading: Edge E Drop
2026-03-26 14:10:35.362: [INFO][Sync] Loading: Edge Hub App Usage
2026-03-26 14:10:35.362: [INFO][Sync] Loading: Edge Wallet
2026-03-26 14:10:35.362: [INFO][Sync] Loading: Edge Workspace
2026-03-26 14:10:35.371: [INFO][Sync] All data types are ready for configure.
2026-03-26 14:10:36.188: [INFO][Sync] Started DataTypeManager configuration, reason: 5
2026-03-26 14:10:36.188: [INFO][Sync] Configuring for: Bookmarks, Preferences, Passwords, Autofill Profiles, Autofill, Extensions, Sessions, Extension settings, History Delete Directives, Device Info, User Consents, Send Tab To Self, Web Apps, History, Saved Tab Group, WebAuthn Credentials, Collection, Edge E Drop, Edge Hub App Usage, Edge Wallet, Edge Workspace, Encryption Keys, reason: 5, current state: 1
2026-03-26 14:10:36.189: [INFO][SyncEngineBackend::DoStartConfiguration] Start configuration
2026-03-26 14:10:36.191: [INFO][SyncManagerImpl::NudgeForInitialDownload] Initial download nudge for Bookmarks
2026-03-26 14:10:36.191: [INFO][SyncManagerImpl::NudgeForInitialDownload] Initial download nudge for Preferences
2026-03-26 14:10:36.191: [INFO][SyncManagerImpl::NudgeForInitialDownload] Initial download nudge for Extensions
2026-03-26 14:10:36.191: [INFO][SyncManagerImpl::NudgeForInitialDownload] Initial download nudge for Sessions
2026-03-26 14:10:36.191: [INFO][SyncManagerImpl::NudgeForInitialDownload] Initial download nudge for Extension settings
2026-03-26 14:10:36.191: [INFO][SyncManagerImpl::NudgeForInitialDownload] Initial download nudge for History Delete Directives
2026-03-26 14:10:36.191: [INFO][SyncManagerImpl::NudgeForInitialDownload] Initial download nudge for Device Info
2026-03-26 14:10:36.191: [INFO][SyncManagerImpl::NudgeForInitialDownload] Initial download nudge for Send Tab To Self
2026-03-26 14:10:36.191: [INFO][SyncManagerImpl::NudgeForInitialDownload] Initial download nudge for Web Apps
2026-03-26 14:10:36.191: [INFO][SyncManagerImpl::NudgeForInitialDownload] Initial download nudge for History
2026-03-26 14:10:36.191: [INFO][SyncManagerImpl::NudgeForInitialDownload] Initial download nudge for Saved Tab Group
2026-03-26 14:10:36.191: [INFO][SyncManagerImpl::NudgeForInitialDownload] Initial download nudge for WebAuthn Credentials
2026-03-26 14:10:36.191: [INFO][SyncManagerImpl::NudgeForInitialDownload] Initial download nudge for Collection
2026-03-26 14:10:36.191: [INFO][SyncManagerImpl::NudgeForInitialDownload] Initial download nudge for Edge E Drop
2026-03-26 14:10:36.191: [INFO][SyncManagerImpl::NudgeForInitialDownload] Initial download nudge for Edge Hub App Usage
2026-03-26 14:10:36.191: [INFO][SyncManagerImpl::NudgeForInitialDownload] Initial download nudge for Edge Wallet
2026-03-26 14:10:36.191: [INFO][SyncManagerImpl::NudgeForInitialDownload] Initial download nudge for Edge Workspace
2026-03-26 14:10:36.191: [INFO][SyncManagerImpl::ConfigureSyncer] Types to download:  with reason: 3
2026-03-26 14:10:36.191: [INFO][SyncEngineBackend::DoFinishConfigureDataTypes] Failed to download types:  and succeeded types: 
2026-03-26 14:10:36.212: [INFO][Sync] ConfigurationDone, failed: , succeeded: , remaining count: 4
2026-03-26 14:10:36.212: [WARN][Sync]     Reconfigure requested while configuration ongoing.
2026-03-26 14:10:36.212: [INFO][Sync] Configuring for: Bookmarks, Preferences, Passwords, Autofill Profiles, Autofill, Extensions, Sessions, Extension settings, History Delete Directives, Device Info, User Consents, Send Tab To Self, Web Apps, History, Saved Tab Group, WebAuthn Credentials, Collection, Edge E Drop, Edge Hub App Usage, Edge Wallet, Edge Workspace, Encryption Keys, reason: 5, current state: 2
2026-03-26 14:10:36.212: [INFO][Sync] Configure, desired: Bookmarks, Preferences, Passwords, Autofill Profiles, Autofill, Extensions, Sessions, Extension settings, History Delete Directives, Device Info, User Consents, Send Tab To Self, Web Apps, History, Saved Tab Group, WebAuthn Credentials, Collection, Edge E Drop, Edge Hub App Usage, Edge Wallet, Edge Workspace, Encryption Keys; Allow fail: 
2026-03-26 14:10:36.213: [INFO][Sync] Loading: Passwords
2026-03-26 14:10:36.213: [INFO][Sync] Loading: Autofill Profiles
2026-03-26 14:10:36.213: [INFO][Sync] Loading: Autofill
2026-03-26 14:10:36.227: [INFO][Sync] All data types are ready for configure.
2026-03-26 14:10:36.227: [INFO][SyncManagerImpl::NudgeForInitialDownload] Initial download nudge for Passwords
2026-03-26 14:10:36.227: [INFO][SyncManagerImpl::NudgeForInitialDownload] Initial download nudge for Autofill Profiles
2026-03-26 14:10:36.227: [INFO][SyncManagerImpl::NudgeForInitialDownload] Initial download nudge for Autofill
2026-03-26 14:10:36.228: [INFO][SyncManagerImpl::ConfigureSyncer] Types to download:  with reason: 5
2026-03-26 14:10:36.228: [INFO][SyncEngineBackend::DoFinishConfigureDataTypes] Failed to download types:  and succeeded types: 
2026-03-26 14:10:36.250: [INFO][Sync] ConfigurationDone, failed: , succeeded: , remaining count: 4
2026-03-26 14:10:36.251: [INFO][Sync] Prepare to configure types: Preferences, Passwords, Device Info, Send Tab To Self, Edge E Drop, Encryption Keys
2026-03-26 14:10:36.251: [INFO][SyncManagerImpl::ConfigureSyncer] Types to download: Preferences, Passwords, Device Info, Send Tab To Self, Edge E Drop, Encryption Keys with reason: 5
2026-03-26 14:10:36.251: [INFO][SyncSchedulerImpl::DoConfigurationSyncCycleJob] Blocked types:  and types to download: Preferences, Passwords, Device Info, Send Tab To Self, Edge E Drop, Encryption Keys
2026-03-26 14:10:36.656: [INFO][SyncEngineBackend::DoFinishConfigureDataTypes] Failed to download types:  and succeeded types: Preferences, Passwords, Device Info, Send Tab To Self, Edge E Drop, Encryption Keys
2026-03-26 14:10:36.759: [INFO][Sync] ConfigurationDone, failed: , succeeded: Preferences, Passwords, Device Info, Send Tab To Self, Edge E Drop, Encryption Keys, remaining count: 3
2026-03-26 14:10:36.759: [INFO][Sync] Prepare to configure types: Bookmarks, Encryption Keys
2026-03-26 14:10:36.759: [INFO][SyncManagerImpl::ConfigureSyncer] Types to download: Bookmarks, Encryption Keys with reason: 5
2026-03-26 14:10:36.759: [INFO][SyncSchedulerImpl::DoConfigurationSyncCycleJob] Blocked types:  and types to download: Bookmarks, Encryption Keys
2026-03-26 14:10:37.358: [INFO][SyncEngineBackend::DoFinishConfigureDataTypes] Failed to download types:  and succeeded types: Bookmarks, Encryption Keys
2026-03-26 14:10:37.365: [INFO][Sync] ConfigurationDone, failed: , succeeded: Bookmarks, Encryption Keys, remaining count: 2
2026-03-26 14:10:37.365: [INFO][Sync] Prepare to configure types: Autofill Profiles, Autofill, Extensions, Sessions, Extension settings, History Delete Directives, Web Apps, Saved Tab Group, WebAuthn Credentials, Collection, Edge Hub App Usage, Edge Wallet, Edge Workspace, Encryption Keys
2026-03-26 14:10:37.365: [INFO][SyncManagerImpl::ConfigureSyncer] Types to download: Autofill Profiles, Autofill, Extensions, Sessions, Extension settings, History Delete Directives, Web Apps, Saved Tab Group, WebAuthn Credentials, Collection, Edge Hub App Usage, Edge Wallet, Edge Workspace, Encryption Keys with reason: 5
2026-03-26 14:10:37.365: [INFO][SyncSchedulerImpl::DoConfigurationSyncCycleJob] Blocked types:  and types to download: Autofill Profiles, Autofill, Extensions, Sessions, Extension settings, History Delete Directives, Web Apps, Saved Tab Group, WebAuthn Credentials, Collection, Edge Hub App Usage, Edge Wallet, Edge Workspace, Encryption Keys
2026-03-26 14:10:38.782: [INFO][SyncEngineBackend::DoFinishConfigureDataTypes] Failed to download types:  and succeeded types: Autofill Profiles, Autofill, Extensions, Sessions, Extension settings, History Delete Directives, Web Apps, Saved Tab Group, WebAuthn Credentials, Collection, Edge Hub App Usage, Edge Wallet, Edge Workspace, Encryption Keys
2026-03-26 14:10:38.787: [INFO][Sync] ConfigurationDone, failed: , succeeded: Autofill Profiles, Autofill, Extensions, Sessions, Extension settings, History Delete Directives, Web Apps, Saved Tab Group, WebAuthn Credentials, Collection, Edge Hub App Usage, Edge Wallet, Edge Workspace, Encryption Keys, remaining count: 1
2026-03-26 14:10:38.792: [INFO][Sync] Prepare to configure types: History, Encryption Keys
2026-03-26 14:10:38.794: [INFO][SyncManagerImpl::ConfigureSyncer] Types to download: History, Encryption Keys with reason: 5
2026-03-26 14:10:38.794: [INFO][SyncSchedulerImpl::DoConfigurationSyncCycleJob] Blocked types:  and types to download: History, Encryption Keys
2026-03-26 14:10:42.889: [INFO][SyncEngineBackend::DoFinishConfigureDataTypes] Failed to download types:  and succeeded types: History, Encryption Keys
2026-03-26 14:10:42.902: [INFO][Sync] ConfigurationDone, failed: , succeeded: History, Encryption Keys, remaining count: 0
2026-03-26 14:10:42.913: [INFO][Sync]     Configuration completed, state: 7
2026-03-26 14:10:42.915: [INFO][Sync] Configured DataTypeManager: Ok
2026-03-26 14:10:42.934: [INFO][SyncEngineBackend::DoStartSyncing] Start syncing
2026-03-26 14:11:13.177: [INFO][Sync] Reset engine, reason: 0
2026-03-26 14:11:13.177: [INFO][Sync] Reset engine with reason: 0
2026-03-26 14:16:19.771: [INFO][Sync] SyncState after authenticated was: FeatureCanStart
2026-03-26 14:16:22.727: [INFO][SyncAuthManager::SetLastAuthError] Current auth error: None
2026-03-26 14:16:22.728: [INFO][SyncAuthManager::EdgeLogTokenErrorState] Token error with: None for account type: MSA
2026-03-26 14:16:22.728: [INFO][Sync] Credentials changed for: EdgeSyncKeyDataScope
2026-03-26 14:16:29.917: [INFO][Sync] Try to start sync engine
2026-03-26 14:16:29.931: [INFO][SyncManagerImpl::NudgeForInitialDownload] Initial download nudge for Encryption Keys
2026-03-26 14:16:29.931: [INFO][SyncEngineBackend::LoadAndConnectNigoriController] Load and connect Nigori controller
2026-03-26 14:16:29.931: [INFO][SyncEngineBackend::DoInitialize] Control Types added: Encryption Keys
2026-03-26 14:16:29.931: [INFO][SyncManagerImpl::ConfigureSyncer] Types to download: Encryption Keys with reason: 3
2026-03-26 14:16:29.932: [INFO][SyncEngineBackend::DoUpdateKeyDataCredentials] Update key data credentials
2026-03-26 14:16:29.932: [INFO][SyncSchedulerImpl::DoConfigurationSyncCycleJob] Configure job was blocked
2026-03-26 14:16:29.939: [INFO][SyncAuthManager::SetLastAuthError] Current auth error: None
2026-03-26 14:16:29.939: [INFO][SyncAuthManager::EdgeLogTokenErrorState] Token error with: None for account type: MSA
2026-03-26 14:16:29.939: [INFO][Sync] Credentials changed for: EdgeSyncScopeNew
2026-03-26 14:16:29.939: [INFO][SyncEngineBackend::DoUpdateCredentials] Update credentials
2026-03-26 14:16:29.939: [INFO][SyncSchedulerImpl::DoConfigurationSyncCycleJob] Blocked types:  and types to download: Encryption Keys
2026-03-26 14:16:30.309: [INFO][SyncEngineBackend::DoUpdateKeyDataCredentials] Update key data credentials
2026-03-26 14:16:30.349: [INFO][Sync] Started DataTypeManager configuration, reason: 4
2026-03-26 14:16:30.350: [INFO][Sync] Configuring for: Bookmarks, Preferences, Passwords, Autofill Profiles, Autofill, Extensions, Sessions, Extension settings, History Delete Directives, Device Info, User Consents, Send Tab To Self, Web Apps, History, Saved Tab Group, WebAuthn Credentials, Collection, Edge E Drop, Edge Hub App Usage, Edge Wallet, Edge Workspace, Encryption Keys, reason: 4, current state: 0
2026-03-26 14:16:30.350: [WARN][Sync] Crypto error data types: Passwords, Autofill Profiles, Autofill
2026-03-26 14:16:30.362: [INFO][Sync] Configure, desired: Bookmarks, Preferences, Extensions, Sessions, Extension settings, History Delete Directives, Device Info, User Consents, Send Tab To Self, Web Apps, History, Saved Tab Group, WebAuthn Credentials, Collection, Edge E Drop, Edge Hub App Usage, Edge Wallet, Edge Workspace, Encryption Keys; Allow fail: Passwords, Autofill Profiles, Autofill
2026-03-26 14:16:30.363: [INFO][Sync] Loading: Bookmarks
2026-03-26 14:16:30.363: [INFO][Sync] Loading: Preferences
2026-03-26 14:16:30.363: [INFO][Sync] Loading: Extensions
2026-03-26 14:16:30.364: [INFO][Sync] Loading: Sessions
2026-03-26 14:16:30.365: [INFO][Sync] Loading: Extension settings
2026-03-26 14:16:30.365: [INFO][Sync] Loading: History Delete Directives
2026-03-26 14:16:30.367: [INFO][Sync] Loading: Device Info
2026-03-26 14:16:30.368: [INFO][Sync] Loading: User Consents
2026-03-26 14:16:30.368: [INFO][Sync] Loading: Send Tab To Self
2026-03-26 14:16:30.368: [INFO][Sync] Loading: Web Apps
2026-03-26 14:16:30.368: [INFO][Sync] Loading: History
2026-03-26 14:16:30.368: [INFO][Sync] Loading: Saved Tab Group
2026-03-26 14:16:30.368: [INFO][Sync] Loading: WebAuthn Credentials
2026-03-26 14:16:30.368: [INFO][Sync] Loading: Collection
2026-03-26 14:16:30.368: [INFO][Sync] Loading: Edge E Drop
2026-03-26 14:16:30.368: [INFO][Sync] Loading: Edge Hub App Usage
2026-03-26 14:16:30.368: [INFO][Sync] Loading: Edge Wallet
2026-03-26 14:16:30.368: [INFO][Sync] Loading: Edge Workspace
2026-03-26 14:16:30.406: [INFO][Sync] All data types are ready for configure.
2026-03-26 14:16:31.021: [INFO][SyncEngineBackend::DoStartConfiguration] Start configuration
2026-03-26 14:16:31.022: [INFO][SyncManagerImpl::ConfigureSyncer] Types to download:  with reason: 4
2026-03-26 14:16:31.022: [INFO][SyncEngineBackend::DoFinishConfigureDataTypes] Failed to download types:  and succeeded types: 
2026-03-26 14:16:31.023: [INFO][Sync] Started DataTypeManager configuration, reason: 5
2026-03-26 14:16:31.023: [INFO][Sync] Configuring for: Bookmarks, Preferences, Passwords, Autofill Profiles, Autofill, Extensions, Sessions, Extension settings, History Delete Directives, Device Info, User Consents, Send Tab To Self, Web Apps, History, Saved Tab Group, WebAuthn Credentials, Collection, Edge E Drop, Edge Hub App Usage, Edge Wallet, Edge Workspace, Encryption Keys, reason: 5, current state: 1
2026-03-26 14:16:31.034: [INFO][Sync] ConfigurationDone, failed: , succeeded: , remaining count: 4
2026-03-26 14:16:31.034: [WARN][Sync]     Reconfigure requested while configuration ongoing.
2026-03-26 14:16:31.034: [INFO][Sync] Configuring for: Bookmarks, Preferences, Passwords, Autofill Profiles, Autofill, Extensions, Sessions, Extension settings, History Delete Directives, Device Info, User Consents, Send Tab To Self, Web Apps, History, Saved Tab Group, WebAuthn Credentials, Collection, Edge E Drop, Edge Hub App Usage, Edge Wallet, Edge Workspace, Encryption Keys, reason: 5, current state: 2
2026-03-26 14:16:31.034: [INFO][Sync] Configure, desired: Bookmarks, Preferences, Passwords, Autofill Profiles, Autofill, Extensions, Sessions, Extension settings, History Delete Directives, Device Info, User Consents, Send Tab To Self, Web Apps, History, Saved Tab Group, WebAuthn Credentials, Collection, Edge E Drop, Edge Hub App Usage, Edge Wallet, Edge Workspace, Encryption Keys; Allow fail: 
2026-03-26 14:16:31.034: [INFO][Sync] Loading: Passwords
2026-03-26 14:16:31.034: [INFO][Sync] Loading: Autofill Profiles
2026-03-26 14:16:31.034: [INFO][Sync] Loading: Autofill
2026-03-26 14:16:31.036: [INFO][Sync] All data types are ready for configure.
2026-03-26 14:16:31.036: [INFO][SyncManagerImpl::NudgeForInitialDownload] Initial download nudge for Passwords
2026-03-26 14:16:31.037: [INFO][SyncManagerImpl::ConfigureSyncer] Types to download:  with reason: 5
2026-03-26 14:16:31.037: [INFO][SyncEngineBackend::DoFinishConfigureDataTypes] Failed to download types:  and succeeded types: 
2026-03-26 14:16:31.037: [INFO][Sync] ConfigurationDone, failed: , succeeded: , remaining count: 4
2026-03-26 14:16:31.037: [INFO][Sync] Prepare to configure types: Passwords, Encryption Keys
2026-03-26 14:16:31.038: [INFO][SyncManagerImpl::ConfigureSyncer] Types to download: Passwords, Encryption Keys with reason: 5
2026-03-26 14:16:31.038: [INFO][SyncSchedulerImpl::DoConfigurationSyncCycleJob] Blocked types:  and types to download: Passwords, Encryption Keys
2026-03-26 14:16:31.327: [INFO][SyncEngineBackend::DoFinishConfigureDataTypes] Failed to download types:  and succeeded types: Passwords, Encryption Keys
2026-03-26 14:16:31.383: [INFO][Sync] ConfigurationDone, failed: , succeeded: Passwords, Encryption Keys, remaining count: 3
2026-03-26 14:16:31.383: [INFO][SyncManagerImpl::ConfigureSyncer] Types to download:  with reason: 5
2026-03-26 14:16:31.383: [INFO][SyncEngineBackend::DoFinishConfigureDataTypes] Failed to download types:  and succeeded types: 
2026-03-26 14:16:31.384: [INFO][Sync] ConfigurationDone, failed: , succeeded: , remaining count: 2
2026-03-26 14:16:31.384: [INFO][SyncManagerImpl::ConfigureSyncer] Types to download:  with reason: 5
2026-03-26 14:16:31.384: [INFO][SyncEngineBackend::DoFinishConfigureDataTypes] Failed to download types:  and succeeded types: 
2026-03-26 14:16:31.384: [INFO][Sync] ConfigurationDone, failed: , succeeded: , remaining count: 1
2026-03-26 14:16:31.396: [INFO][SyncManagerImpl::ConfigureSyncer] Types to download:  with reason: 5
2026-03-26 14:16:31.396: [INFO][SyncEngineBackend::DoFinishConfigureDataTypes] Failed to download types:  and succeeded types: 
2026-03-26 14:16:31.405: [INFO][Sync] ConfigurationDone, failed: , succeeded: , remaining count: 0
2026-03-26 14:16:31.412: [INFO][Sync]     Configuration completed, state: 7
2026-03-26 14:16:31.417: [INFO][Sync] Configured DataTypeManager: Ok
2026-03-26 14:16:31.435: [INFO][SyncEngineBackend::DoStartSyncing] Start syncing
2026-03-26 14:34:22.724: [INFO][Sync] Reset engine, reason: 0
2026-03-26 14:34:22.724: [INFO][Sync] Reset engine with reason: 0
2026-03-26 14:36:04.425: [INFO][Sync] Reset engine, reason: 8
2026-03-26 14:36:04.425: [INFO][Sync] Stopped: Bookmarks
2026-03-26 14:36:04.425: [INFO][Sync] Stopped: Preferences
2026-03-26 14:36:04.425: [INFO][Sync] Stopped: Passwords
2026-03-26 14:36:04.425: [INFO][Sync] Stopped: Autofill Profiles
2026-03-26 14:36:04.425: [INFO][Sync] Stopped: Autofill
2026-03-26 14:36:04.425: [INFO][Sync] Stopped: Extensions
2026-03-26 14:36:04.425: [INFO][Sync] Stopped: Sessions
2026-03-26 14:36:04.425: [INFO][Sync] Stopped: Extension settings
2026-03-26 14:36:04.425: [INFO][Sync] Stopped: History Delete Directives
2026-03-26 14:36:04.425: [INFO][Sync] Stopped: Device Info
2026-03-26 14:36:04.425: [INFO][Sync] Stopped: User Consents
2026-03-26 14:36:04.425: [INFO][Sync] Stopped: Send Tab To Self
2026-03-26 14:36:04.425: [INFO][Sync] Stopped: Web Apps
2026-03-26 14:36:04.425: [INFO][Sync] Stopped: History
2026-03-26 14:36:04.425: [INFO][Sync] Stopped: Saved Tab Group
2026-03-26 14:36:04.425: [INFO][Sync] Stopped: WebAuthn Credentials
2026-03-26 14:36:04.425: [INFO][Sync] Stopped: Collection
2026-03-26 14:36:04.425: [INFO][Sync] Stopped: Edge E Drop
2026-03-26 14:36:04.425: [INFO][Sync] Stopped: Edge Hub App Usage
2026-03-26 14:36:04.425: [INFO][Sync] Stopped: Edge Wallet
2026-03-26 14:36:04.425: [INFO][Sync] Stopped: Edge Workspace
2026-03-26 14:36:04.425: [INFO][Sync] SyncState after authenticated was: NotSignedIn
2026-03-26 14:36:04.824: [INFO][Sync] Reset engine, reason: 8
2026-03-26 14:36:04.824: [INFO][Sync] Stopped: Bookmarks
2026-03-26 14:36:04.824: [INFO][Sync] Stopped: Preferences
2026-03-26 14:36:04.825: [INFO][Sync] Stopped: Passwords
2026-03-26 14:36:04.825: [INFO][Sync] Stopped: Autofill Profiles
2026-03-26 14:36:04.825: [INFO][Sync] Stopped: Autofill
2026-03-26 14:36:04.825: [INFO][Sync] Stopped: Extensions
2026-03-26 14:36:04.825: [INFO][Sync] Stopped: Sessions
2026-03-26 14:36:04.825: [INFO][Sync] Stopped: Extension settings
2026-03-26 14:36:04.825: [INFO][Sync] Stopped: History Delete Directives
2026-03-26 14:36:04.825: [INFO][Sync] Stopped: Device Info
2026-03-26 14:36:04.825: [INFO][Sync] Stopped: User Consents
2026-03-26 14:36:04.825: [INFO][Sync] Stopped: Send Tab To Self
2026-03-26 14:36:04.825: [INFO][Sync] Stopped: Web Apps
2026-03-26 14:36:04.825: [INFO][Sync] Stopped: History
2026-03-26 14:36:04.825: [INFO][Sync] Stopped: Saved Tab Group
2026-03-26 14:36:04.825: [INFO][Sync] Stopped: WebAuthn Credentials
2026-03-26 14:36:04.825: [INFO][Sync] Stopped: Collection
2026-03-26 14:36:04.825: [INFO][Sync] Stopped: Edge E Drop
2026-03-26 14:36:04.825: [INFO][Sync] Stopped: Edge Hub App Usage
2026-03-26 14:36:04.825: [INFO][Sync] Stopped: Edge Wallet
2026-03-26 14:36:04.825: [INFO][Sync] Stopped: Edge Workspace
2026-03-26 14:36:08.965: [INFO][Sync] Try to start sync engine
2026-03-26 14:36:08.979: [INFO][SyncManagerImpl::NudgeForInitialDownload] Initial download nudge for Encryption Keys
2026-03-26 14:36:08.980: [INFO][SyncEngineBackend::LoadAndConnectNigoriController] Load and connect Nigori controller
2026-03-26 14:36:08.980: [INFO][SyncEngineBackend::DoInitialize] Control Types added: Encryption Keys
2026-03-26 14:36:08.980: [INFO][SyncManagerImpl::ConfigureSyncer] Types to download: Encryption Keys with reason: 3
2026-03-26 14:36:08.980: [INFO][SyncSchedulerImpl::DoConfigurationSyncCycleJob] Configure job was blocked
2026-03-26 14:36:09.052: [INFO][SyncAuthManager::SetLastAuthError] Current auth error: None
2026-03-26 14:36:09.052: [INFO][SyncAuthManager::EdgeLogTokenErrorState] Token error with: None for account type: MSA
2026-03-26 14:36:09.052: [INFO][Sync] Credentials changed for: EdgeSyncScopeNew
2026-03-26 14:36:10.088: [INFO][SyncAuthManager::SetLastAuthError] Current auth error: None
2026-03-26 14:36:10.088: [INFO][SyncAuthManager::EdgeLogTokenErrorState] Token error with: None for account type: MSA
2026-03-26 14:36:10.088: [INFO][Sync] Credentials changed for: EdgeSyncKeyDataScope
2026-03-26 14:36:10.088: [INFO][SyncEngineBackend::DoUpdateKeyDataCredentials] Update key data credentials
2026-03-26 14:36:10.088: [INFO][SyncEngineBackend::DoUpdateCredentials] Update credentials
2026-03-26 14:36:10.089: [INFO][SyncSchedulerImpl::DoConfigurationSyncCycleJob] Blocked types:  and types to download: Encryption Keys
2026-03-26 14:36:12.913: [INFO][Sync] Started DataTypeManager configuration, reason: 4
2026-03-26 14:36:12.914: [INFO][Sync] Configuring for: Bookmarks, Preferences, Passwords, Autofill Profiles, Autofill, Extensions, Sessions, Extension settings, History Delete Directives, Device Info, User Consents, Send Tab To Self, Web Apps, History, Saved Tab Group, WebAuthn Credentials, Collection, Edge E Drop, Edge Hub App Usage, Edge Wallet, Edge Workspace, Encryption Keys, reason: 4, current state: 0
2026-03-26 14:36:12.914: [WARN][Sync] Crypto error data types: Passwords, Autofill Profiles, Autofill
2026-03-26 14:36:12.922: [INFO][Sync] Configure, desired: Bookmarks, Preferences, Extensions, Sessions, Extension settings, History Delete Directives, Device Info, User Consents, Send Tab To Self, Web Apps, History, Saved Tab Group, WebAuthn Credentials, Collection, Edge E Drop, Edge Hub App Usage, Edge Wallet, Edge Workspace, Encryption Keys; Allow fail: Passwords, Autofill Profiles, Autofill
2026-03-26 14:36:12.922: [INFO][Sync] Loading: Bookmarks
2026-03-26 14:36:12.922: [INFO][Sync] Loading: Preferences
2026-03-26 14:36:12.922: [INFO][Sync] Loading: Extensions
2026-03-26 14:36:12.922: [INFO][Sync] Loading: Sessions
2026-03-26 14:36:12.922: [INFO][Sync] Loading: Extension settings
2026-03-26 14:36:12.922: [INFO][Sync] Loading: History Delete Directives
2026-03-26 14:36:12.922: [INFO][Sync] Loading: Device Info
2026-03-26 14:36:12.922: [INFO][Sync] Loading: User Consents
2026-03-26 14:36:12.922: [INFO][Sync] Loading: Send Tab To Self
2026-03-26 14:36:12.922: [INFO][Sync] Loading: Web Apps
2026-03-26 14:36:12.922: [INFO][Sync] Loading: History
2026-03-26 14:36:12.922: [INFO][Sync] Loading: Saved Tab Group
2026-03-26 14:36:12.922: [INFO][Sync] Loading: WebAuthn Credentials
2026-03-26 14:36:12.922: [INFO][Sync] Loading: Collection
2026-03-26 14:36:12.922: [INFO][Sync] Loading: Edge E Drop
2026-03-26 14:36:12.922: [INFO][Sync] Loading: Edge Hub App Usage
2026-03-26 14:36:12.922: [INFO][Sync] Loading: Edge Wallet
2026-03-26 14:36:12.922: [INFO][Sync] Loading: Edge Workspace
2026-03-26 14:36:12.933: [INFO][Sync] All data types are ready for configure.
2026-03-26 14:36:13.540: [INFO][Sync] Started DataTypeManager configuration, reason: 5
2026-03-26 14:36:13.540: [INFO][Sync] Configuring for: Bookmarks, Preferences, Passwords, Autofill Profiles, Autofill, Extensions, Sessions, Extension settings, History Delete Directives, Device Info, User Consents, Send Tab To Self, Web Apps, History, Saved Tab Group, WebAuthn Credentials, Collection, Edge E Drop, Edge Hub App Usage, Edge Wallet, Edge Workspace, Encryption Keys, reason: 5, current state: 1
2026-03-26 14:36:13.543: [INFO][SyncEngineBackend::DoStartConfiguration] Start configuration
2026-03-26 14:36:13.544: [INFO][SyncManagerImpl::NudgeForInitialDownload] Initial download nudge for Bookmarks
2026-03-26 14:36:13.544: [INFO][SyncManagerImpl::NudgeForInitialDownload] Initial download nudge for Preferences
2026-03-26 14:36:13.544: [INFO][SyncManagerImpl::NudgeForInitialDownload] Initial download nudge for Extensions
2026-03-26 14:36:13.544: [INFO][SyncManagerImpl::NudgeForInitialDownload] Initial download nudge for Sessions
2026-03-26 14:36:13.544: [INFO][SyncManagerImpl::NudgeForInitialDownload] Initial download nudge for Extension settings
2026-03-26 14:36:13.544: [INFO][SyncManagerImpl::NudgeForInitialDownload] Initial download nudge for History Delete Directives
2026-03-26 14:36:13.544: [INFO][SyncManagerImpl::NudgeForInitialDownload] Initial download nudge for Device Info
2026-03-26 14:36:13.544: [INFO][SyncManagerImpl::NudgeForInitialDownload] Initial download nudge for Send Tab To Self
2026-03-26 14:36:13.544: [INFO][SyncManagerImpl::NudgeForInitialDownload] Initial download nudge for Web Apps
2026-03-26 14:36:13.544: [INFO][SyncManagerImpl::NudgeForInitialDownload] Initial download nudge for History
2026-03-26 14:36:13.544: [INFO][SyncManagerImpl::NudgeForInitialDownload] Initial download nudge for Saved Tab Group
2026-03-26 14:36:13.544: [INFO][SyncManagerImpl::NudgeForInitialDownload] Initial download nudge for WebAuthn Credentials
2026-03-26 14:36:13.544: [INFO][SyncManagerImpl::NudgeForInitialDownload] Initial download nudge for Collection
2026-03-26 14:36:13.544: [INFO][SyncManagerImpl::NudgeForInitialDownload] Initial download nudge for Edge E Drop
2026-03-26 14:36:13.544: [INFO][SyncManagerImpl::NudgeForInitialDownload] Initial download nudge for Edge Hub App Usage
2026-03-26 14:36:13.544: [INFO][SyncManagerImpl::NudgeForInitialDownload] Initial download nudge for Edge Wallet
2026-03-26 14:36:13.544: [INFO][SyncManagerImpl::NudgeForInitialDownload] Initial download nudge for Edge Workspace
2026-03-26 14:36:13.544: [INFO][SyncManagerImpl::ConfigureSyncer] Types to download:  with reason: 4
2026-03-26 14:36:13.544: [INFO][SyncEngineBackend::DoFinishConfigureDataTypes] Failed to download types:  and succeeded types: 
2026-03-26 14:36:13.563: [INFO][Sync] ConfigurationDone, failed: , succeeded: , remaining count: 4
2026-03-26 14:36:13.563: [WARN][Sync]     Reconfigure requested while configuration ongoing.
2026-03-26 14:36:13.563: [INFO][Sync] Configuring for: Bookmarks, Preferences, Passwords, Autofill Profiles, Autofill, Extensions, Sessions, Extension settings, History Delete Directives, Device Info, User Consents, Send Tab To Self, Web Apps, History, Saved Tab Group, WebAuthn Credentials, Collection, Edge E Drop, Edge Hub App Usage, Edge Wallet, Edge Workspace, Encryption Keys, reason: 5, current state: 2
2026-03-26 14:36:13.563: [INFO][Sync] Configure, desired: Bookmarks, Preferences, Passwords, Autofill Profiles, Autofill, Extensions, Sessions, Extension settings, History Delete Directives, Device Info, User Consents, Send Tab To Self, Web Apps, History, Saved Tab Group, WebAuthn Credentials, Collection, Edge E Drop, Edge Hub App Usage, Edge Wallet, Edge Workspace, Encryption Keys; Allow fail: 
2026-03-26 14:36:13.563: [INFO][Sync] Loading: Passwords
2026-03-26 14:36:13.563: [INFO][Sync] Loading: Autofill Profiles
2026-03-26 14:36:13.563: [INFO][Sync] Loading: Autofill
2026-03-26 14:36:13.563: [INFO][Sync] All data types are ready for configure.
2026-03-26 14:36:13.563: [INFO][SyncManagerImpl::NudgeForInitialDownload] Initial download nudge for Passwords
2026-03-26 14:36:13.564: [INFO][SyncManagerImpl::NudgeForInitialDownload] Initial download nudge for Autofill Profiles
2026-03-26 14:36:13.564: [INFO][SyncManagerImpl::NudgeForInitialDownload] Initial download nudge for Autofill
2026-03-26 14:36:13.564: [INFO][SyncManagerImpl::ConfigureSyncer] Types to download:  with reason: 5
2026-03-26 14:36:13.564: [INFO][SyncEngineBackend::DoFinishConfigureDataTypes] Failed to download types:  and succeeded types: 
2026-03-26 14:36:13.564: [INFO][Sync] ConfigurationDone, failed: , succeeded: , remaining count: 4
2026-03-26 14:36:13.564: [INFO][Sync] Prepare to configure types: Preferences, Passwords, Device Info, Send Tab To Self, Edge E Drop, Encryption Keys
2026-03-26 14:36:13.564: [INFO][SyncManagerImpl::ConfigureSyncer] Types to download: Preferences, Passwords, Device Info, Send Tab To Self, Edge E Drop, Encryption Keys with reason: 5
2026-03-26 14:36:13.564: [INFO][SyncSchedulerImpl::DoConfigurationSyncCycleJob] Blocked types:  and types to download: Preferences, Passwords, Device Info, Send Tab To Self, Edge E Drop, Encryption Keys
2026-03-26 14:36:13.848: [INFO][SyncEngineBackend::DoFinishConfigureDataTypes] Failed to download types:  and succeeded types: Preferences, Passwords, Device Info, Send Tab To Self, Edge E Drop, Encryption Keys
2026-03-26 14:36:13.854: [INFO][Sync] ConfigurationDone, failed: , succeeded: Preferences, Passwords, Device Info, Send Tab To Self, Edge E Drop, Encryption Keys, remaining count: 3
2026-03-26 14:36:13.854: [INFO][Sync] Prepare to configure types: Bookmarks, Encryption Keys
2026-03-26 14:36:13.854: [INFO][SyncManagerImpl::ConfigureSyncer] Types to download: Bookmarks, Encryption Keys with reason: 5
2026-03-26 14:36:13.855: [INFO][SyncSchedulerImpl::DoConfigurationSyncCycleJob] Blocked types:  and types to download: Bookmarks, Encryption Keys
2026-03-26 14:36:14.042: [INFO][SyncEngineBackend::DoFinishConfigureDataTypes] Failed to download types:  and succeeded types: Bookmarks, Encryption Keys
2026-03-26 14:36:14.078: [INFO][Sync] ConfigurationDone, failed: , succeeded: Bookmarks, Encryption Keys, remaining count: 2
2026-03-26 14:36:14.078: [INFO][Sync] Prepare to configure types: Autofill Profiles, Autofill, Extensions, Sessions, Extension settings, History Delete Directives, Web Apps, Saved Tab Group, WebAuthn Credentials, Collection, Edge Hub App Usage, Edge Wallet, Edge Workspace, Encryption Keys
2026-03-26 14:36:14.079: [INFO][SyncManagerImpl::ConfigureSyncer] Types to download: Autofill Profiles, Autofill, Extensions, Sessions, Extension settings, History Delete Directives, Web Apps, Saved Tab Group, WebAuthn Credentials, Collection, Edge Hub App Usage, Edge Wallet, Edge Workspace, Encryption Keys with reason: 5
2026-03-26 14:36:14.079: [INFO][SyncSchedulerImpl::DoConfigurationSyncCycleJob] Blocked types:  and types to download: Autofill Profiles, Autofill, Extensions, Sessions, Extension settings, History Delete Directives, Web Apps, Saved Tab Group, WebAuthn Credentials, Collection, Edge Hub App Usage, Edge Wallet, Edge Workspace, Encryption Keys
2026-03-26 14:36:15.207: [INFO][SyncEngineBackend::DoFinishConfigureDataTypes] Failed to download types:  and succeeded types: Autofill Profiles, Autofill, Extensions, Sessions, Extension settings, History Delete Directives, Web Apps, Saved Tab Group, WebAuthn Credentials, Collection, Edge Hub App Usage, Edge Wallet, Edge Workspace, Encryption Keys
2026-03-26 14:36:15.216: [INFO][Sync] ConfigurationDone, failed: , succeeded: Autofill Profiles, Autofill, Extensions, Sessions, Extension settings, History Delete Directives, Web Apps, Saved Tab Group, WebAuthn Credentials, Collection, Edge Hub App Usage, Edge Wallet, Edge Workspace, Encryption Keys, remaining count: 1
2026-03-26 14:36:15.223: [INFO][Sync] Prepare to configure types: History, Encryption Keys
2026-03-26 14:36:15.223: [INFO][SyncManagerImpl::ConfigureSyncer] Types to download: History, Encryption Keys with reason: 5
2026-03-26 14:36:15.223: [INFO][SyncSchedulerImpl::DoConfigurationSyncCycleJob] Blocked types:  and types to download: History, Encryption Keys
2026-03-26 14:36:18.841: [INFO][SyncEngineBackend::DoFinishConfigureDataTypes] Failed to download types:  and succeeded types: History, Encryption Keys
2026-03-26 14:36:18.851: [INFO][Sync] ConfigurationDone, failed: , succeeded: History, Encryption Keys, remaining count: 0
2026-03-26 14:36:18.859: [INFO][Sync]     Configuration completed, state: 7
2026-03-26 14:36:18.860: [INFO][Sync] Configured DataTypeManager: Ok
2026-03-26 14:36:18.874: [INFO][SyncEngineBackend::DoStartSyncing] Start syncing
2026-03-26 14:59:58.590: [INFO][Sync] Reset engine, reason: 0
2026-03-26 14:59:58.590: [INFO][Sync] Reset engine with reason: 0
